{
  "D:\\NODE\\PORTFOLIO-PROJECTS\\codes\\bookmark-manager-api\\src\\app.ts": {
    "path": "D:\\NODE\\PORTFOLIO-PROJECTS\\codes\\bookmark-manager-api\\src\\app.ts",
    "statementMap": {
      "0": { "start": { "line": 1, "column": 0 }, "end": { "line": 1, "column": 29 } },
      "1": { "start": { "line": 2, "column": 0 }, "end": { "line": 2, "column": 40 } },
      "2": { "start": { "line": 3, "column": 0 }, "end": { "line": 3, "column": 23 } },
      "3": { "start": { "line": 4, "column": 0 }, "end": { "line": 4, "column": 27 } },
      "4": { "start": { "line": 6, "column": 0 }, "end": { "line": 6, "column": 71 } },
      "5": { "start": { "line": 7, "column": 0 }, "end": { "line": 7, "column": 55 } },
      "6": { "start": { "line": 8, "column": 0 }, "end": { "line": 8, "column": 29 } },
      "7": { "start": { "line": 10, "column": 12 }, "end": { "line": 10, "column": 21 } },
      "8": { "start": { "line": 12, "column": 0 }, "end": { "line": 12, "column": null } },
      "9": { "start": { "line": 13, "column": 0 }, "end": { "line": 13, "column": null } },
      "10": { "start": { "line": 14, "column": 0 }, "end": { "line": 14, "column": null } },
      "11": { "start": { "line": 15, "column": 0 }, "end": { "line": 15, "column": null } },
      "12": { "start": { "line": 17, "column": 0 }, "end": { "line": 17, "column": null } },
      "13": { "start": { "line": 20, "column": 0 }, "end": { "line": 20, "column": null } },
      "14": { "start": { "line": 22, "column": 0 }, "end": { "line": 22, "column": null } },
      "15": { "start": { "line": 24, "column": 0 }, "end": { "line": 24, "column": null } }
    },
    "fnMap": {},
    "branchMap": {},
    "s": {
      "0": 1,
      "1": 1,
      "2": 1,
      "3": 1,
      "4": 1,
      "5": 1,
      "6": 1,
      "7": 1,
      "8": 1,
      "9": 1,
      "10": 1,
      "11": 1,
      "12": 1,
      "13": 1,
      "14": 1,
      "15": 1
    },
    "f": {},
    "b": {}
  },
  "D:\\NODE\\PORTFOLIO-PROJECTS\\codes\\bookmark-manager-api\\src\\routes.ts": {
    "path": "D:\\NODE\\PORTFOLIO-PROJECTS\\codes\\bookmark-manager-api\\src\\routes.ts",
    "statementMap": {
      "0": { "start": { "line": 1, "column": 0 }, "end": { "line": 1, "column": 32 } },
      "1": { "start": { "line": 2, "column": 0 }, "end": { "line": 2, "column": 62 } },
      "2": { "start": { "line": 3, "column": 0 }, "end": { "line": 3, "column": 53 } },
      "3": { "start": { "line": 4, "column": 0 }, "end": { "line": 4, "column": 56 } },
      "4": { "start": { "line": 5, "column": 0 }, "end": { "line": 5, "column": 61 } },
      "5": { "start": { "line": 6, "column": 0 }, "end": { "line": 6, "column": 67 } },
      "6": { "start": { "line": 8, "column": 15 }, "end": { "line": 8, "column": 23 } },
      "7": { "start": { "line": 10, "column": 0 }, "end": { "line": 10, "column": null } },
      "8": { "start": { "line": 12, "column": 0 }, "end": { "line": 12, "column": null } },
      "9": { "start": { "line": 13, "column": 0 }, "end": { "line": 13, "column": null } },
      "10": { "start": { "line": 14, "column": 0 }, "end": { "line": 14, "column": null } },
      "11": { "start": { "line": 15, "column": 0 }, "end": { "line": 15, "column": null } },
      "12": { "start": { "line": 21, "column": 0 }, "end": { "line": 21, "column": null } }
    },
    "fnMap": {},
    "branchMap": {},
    "s": {
      "0": 1,
      "1": 1,
      "2": 1,
      "3": 1,
      "4": 1,
      "5": 1,
      "6": 1,
      "7": 1,
      "8": 1,
      "9": 1,
      "10": 1,
      "11": 1,
      "12": 1
    },
    "f": {},
    "b": {}
  },
  "D:\\NODE\\PORTFOLIO-PROJECTS\\codes\\bookmark-manager-api\\src\\__tests__\\factories\\user.factory.ts": {
    "path": "D:\\NODE\\PORTFOLIO-PROJECTS\\codes\\bookmark-manager-api\\src\\__tests__\\factories\\user.factory.ts",
    "statementMap": {
      "0": { "start": { "line": 1, "column": 27 }, "end": { "line": 8, "column": 1 } },
      "1": { "start": { "line": 2, "column": 4 }, "end": { "line": 7, "column": null } },
      "2": { "start": { "line": 1, "column": 13 }, "end": { "line": 1, "column": 27 } },
      "3": { "start": { "line": 10, "column": 28 }, "end": { "line": 17, "column": 1 } },
      "4": { "start": { "line": 11, "column": 4 }, "end": { "line": 16, "column": null } },
      "5": { "start": { "line": 10, "column": 13 }, "end": { "line": 10, "column": 28 } }
    },
    "fnMap": {
      "0": {
        "name": "(anonymous_0)",
        "decl": { "start": { "line": 1, "column": 27 }, "end": { "line": 1, "column": 28 } },
        "loc": { "start": { "line": 1, "column": 45 }, "end": { "line": 8, "column": 1 } }
      },
      "1": {
        "name": "(anonymous_1)",
        "decl": { "start": { "line": 10, "column": 28 }, "end": { "line": 10, "column": 29 } },
        "loc": { "start": { "line": 10, "column": 46 }, "end": { "line": 17, "column": 1 } }
      }
    },
    "branchMap": {},
    "s": { "0": 1, "1": 1, "2": 1, "3": 1, "4": 0, "5": 1 },
    "f": { "0": 1, "1": 0 },
    "b": {}
  },
  "D:\\NODE\\PORTFOLIO-PROJECTS\\codes\\bookmark-manager-api\\src\\components\\auth\\auth.controller.ts": {
    "path": "D:\\NODE\\PORTFOLIO-PROJECTS\\codes\\bookmark-manager-api\\src\\components\\auth\\auth.controller.ts",
    "statementMap": {
      "0": { "start": { "line": 8, "column": 0 }, "end": { "line": 8, "column": 7 } },
      "1": { "start": { "line": 26, "column": 0 }, "end": { "line": 26, "column": 7 } },
      "2": { "start": { "line": 47, "column": 0 }, "end": { "line": 47, "column": 7 } },
      "3": { "start": { "line": 3, "column": 0 }, "end": { "line": 3, "column": 58 } },
      "4": { "start": { "line": 4, "column": 0 }, "end": { "line": 4, "column": 53 } },
      "5": { "start": { "line": 6, "column": 0 }, "end": { "line": 6, "column": 44 } },
      "6": { "start": { "line": 9, "column": 2 }, "end": { "line": 23, "column": 3 } },
      "7": { "start": { "line": 10, "column": 18 }, "end": { "line": 10, "column": 53 } },
      "8": { "start": { "line": 11, "column": 17 }, "end": { "line": 11, "column": 25 } },
      "9": { "start": { "line": 12, "column": 48 }, "end": { "line": 12, "column": 97 } },
      "10": { "start": { "line": 13, "column": 4 }, "end": { "line": 18, "column": null } },
      "11": { "start": { "line": 20, "column": 4 }, "end": { "line": 20, "column": null } },
      "12": { "start": { "line": 22, "column": 4 }, "end": { "line": 22, "column": null } },
      "13": { "start": { "line": 27, "column": 2 }, "end": { "line": 44, "column": 3 } },
      "14": { "start": { "line": 28, "column": 17 }, "end": { "line": 28, "column": 25 } },
      "15": { "start": { "line": 29, "column": 48 }, "end": { "line": 31, "column": null } },
      "16": { "start": { "line": 34, "column": 4 }, "end": { "line": 39, "column": null } },
      "17": { "start": { "line": 41, "column": 4 }, "end": { "line": 41, "column": null } },
      "18": { "start": { "line": 43, "column": 4 }, "end": { "line": 43, "column": null } },
      "19": { "start": { "line": 48, "column": 2 }, "end": { "line": 56, "column": 3 } },
      "20": { "start": { "line": 49, "column": 18 }, "end": { "line": 49, "column": 42 } },
      "21": { "start": { "line": 50, "column": 4 }, "end": { "line": 50, "column": null } },
      "22": { "start": { "line": 50, "column": 16 }, "end": { "line": 50, "column": null } },
      "23": { "start": { "line": 51, "column": 25 }, "end": { "line": 51, "column": 57 } },
      "24": { "start": { "line": 53, "column": 4 }, "end": { "line": 53, "column": null } },
      "25": { "start": { "line": 55, "column": 4 }, "end": { "line": 55, "column": null } }
    },
    "fnMap": {
      "0": {
        "name": "register",
        "decl": { "start": { "line": 8, "column": 22 }, "end": { "line": 8, "column": 30 } },
        "loc": { "start": { "line": 8, "column": 58 }, "end": { "line": 24, "column": 1 } }
      },
      "1": {
        "name": "login",
        "decl": { "start": { "line": 26, "column": 22 }, "end": { "line": 26, "column": 27 } },
        "loc": { "start": { "line": 26, "column": 55 }, "end": { "line": 45, "column": 1 } }
      },
      "2": {
        "name": "refreshToken",
        "decl": { "start": { "line": 47, "column": 22 }, "end": { "line": 47, "column": 34 } },
        "loc": { "start": { "line": 47, "column": 62 }, "end": { "line": 57, "column": 1 } }
      }
    },
    "branchMap": {
      "0": {
        "loc": { "start": { "line": 10, "column": 18 }, "end": { "line": 10, "column": 53 } },
        "type": "binary-expr",
        "locations": [
          { "start": { "line": 10, "column": 18 }, "end": { "line": 10, "column": 43 } },
          { "start": { "line": 10, "column": 47 }, "end": { "line": 10, "column": 53 } }
        ]
      },
      "1": {
        "loc": { "start": { "line": 50, "column": 4 }, "end": { "line": 50, "column": null } },
        "type": "if",
        "locations": [
          { "start": { "line": 50, "column": 4 }, "end": { "line": 50, "column": null } },
          { "start": {}, "end": {} }
        ]
      }
    },
    "s": {
      "0": 1,
      "1": 1,
      "2": 1,
      "3": 1,
      "4": 1,
      "5": 1,
      "6": 7,
      "7": 7,
      "8": 7,
      "9": 7,
      "10": 6,
      "11": 6,
      "12": 1,
      "13": 3,
      "14": 3,
      "15": 3,
      "16": 1,
      "17": 1,
      "18": 2,
      "19": 1,
      "20": 1,
      "21": 1,
      "22": 0,
      "23": 1,
      "24": 1,
      "25": 0
    },
    "f": { "0": 7, "1": 3, "2": 1 },
    "b": { "0": [7, 6], "1": [0, 1] }
  },
  "D:\\NODE\\PORTFOLIO-PROJECTS\\codes\\bookmark-manager-api\\src\\components\\auth\\auth.route.ts": {
    "path": "D:\\NODE\\PORTFOLIO-PROJECTS\\codes\\bookmark-manager-api\\src\\components\\auth\\auth.route.ts",
    "statementMap": {
      "0": { "start": { "line": 1, "column": 0 }, "end": { "line": 1, "column": 32 } },
      "1": { "start": { "line": 3, "column": 0 }, "end": { "line": 3, "column": 63 } },
      "2": { "start": { "line": 5, "column": 0 }, "end": { "line": 5, "column": 65 } },
      "3": { "start": { "line": 6, "column": 0 }, "end": { "line": 6, "column": 59 } },
      "4": { "start": { "line": 8, "column": 15 }, "end": { "line": 8, "column": 23 } },
      "5": { "start": { "line": 10, "column": 0 }, "end": { "line": 10, "column": null } },
      "6": { "start": { "line": 11, "column": 0 }, "end": { "line": 11, "column": null } },
      "7": { "start": { "line": 12, "column": 0 }, "end": { "line": 12, "column": null } },
      "8": { "start": { "line": 14, "column": 0 }, "end": { "line": 14, "column": null } }
    },
    "fnMap": {},
    "branchMap": {},
    "s": { "0": 1, "1": 1, "2": 1, "3": 1, "4": 1, "5": 1, "6": 1, "7": 1, "8": 1 },
    "f": {},
    "b": {}
  },
  "D:\\NODE\\PORTFOLIO-PROJECTS\\codes\\bookmark-manager-api\\src\\components\\auth\\auth.schema.ts": {
    "path": "D:\\NODE\\PORTFOLIO-PROJECTS\\codes\\bookmark-manager-api\\src\\components\\auth\\auth.schema.ts",
    "statementMap": {
      "0": { "start": { "line": 1, "column": 0 }, "end": { "line": 1, "column": 23 } },
      "1": { "start": { "line": 3, "column": 13 }, "end": { "line": 7, "column": null } },
      "2": { "start": { "line": 9, "column": 13 }, "end": { "line": 12, "column": null } }
    },
    "fnMap": {},
    "branchMap": {},
    "s": { "0": 1, "1": 1, "2": 1 },
    "f": {},
    "b": {}
  },
  "D:\\NODE\\PORTFOLIO-PROJECTS\\codes\\bookmark-manager-api\\src\\components\\auth\\auth.service.ts": {
    "path": "D:\\NODE\\PORTFOLIO-PROJECTS\\codes\\bookmark-manager-api\\src\\components\\auth\\auth.service.ts",
    "statementMap": {
      "0": { "start": { "line": 1, "column": 0 }, "end": { "line": 1, "column": 27 } },
      "1": { "start": { "line": 3, "column": 0 }, "end": { "line": 3, "column": 57 } },
      "2": { "start": { "line": 4, "column": 0 }, "end": { "line": 4, "column": 92 } },
      "3": { "start": { "line": 5, "column": 0 }, "end": { "line": 5, "column": 53 } },
      "4": { "start": { "line": 14, "column": 26 }, "end": { "line": 14, "column": 74 } },
      "5": { "start": { "line": 15, "column": 4 }, "end": { "line": 15, "column": null } },
      "6": { "start": { "line": 15, "column": 23 }, "end": { "line": 15, "column": null } },
      "7": { "start": { "line": 17, "column": 29 }, "end": { "line": 17, "column": 83 } },
      "8": { "start": { "line": 18, "column": 4 }, "end": { "line": 18, "column": null } },
      "9": { "start": { "line": 18, "column": 26 }, "end": { "line": 18, "column": null } },
      "10": { "start": { "line": 20, "column": 27 }, "end": { "line": 20, "column": 63 } },
      "11": { "start": { "line": 21, "column": 17 }, "end": { "line": 26, "column": 6 } },
      "12": { "start": { "line": 28, "column": 24 }, "end": { "line": 28, "column": 73 } },
      "13": { "start": { "line": 29, "column": 25 }, "end": { "line": 29, "column": 75 } },
      "14": { "start": { "line": 32, "column": 38 }, "end": { "line": 32, "column": 51 } },
      "15": { "start": { "line": 34, "column": 4 }, "end": { "line": 34, "column": null } },
      "16": { "start": { "line": 38, "column": 17 }, "end": { "line": 38, "column": 60 } },
      "17": { "start": { "line": 39, "column": 4 }, "end": { "line": 39, "column": null } },
      "18": { "start": { "line": 39, "column": 15 }, "end": { "line": 39, "column": null } },
      "19": { "start": { "line": 41, "column": 18 }, "end": { "line": 41, "column": 69 } },
      "20": { "start": { "line": 42, "column": 4 }, "end": { "line": 42, "column": null } },
      "21": { "start": { "line": 42, "column": 16 }, "end": { "line": 42, "column": null } },
      "22": { "start": { "line": 44, "column": 24 }, "end": { "line": 44, "column": 73 } },
      "23": { "start": { "line": 45, "column": 25 }, "end": { "line": 45, "column": 75 } },
      "24": { "start": { "line": 48, "column": 38 }, "end": { "line": 48, "column": 51 } },
      "25": { "start": { "line": 50, "column": 4 }, "end": { "line": 50, "column": null } },
      "26": { "start": { "line": 54, "column": 4 }, "end": { "line": 60, "column": 5 } },
      "27": { "start": { "line": 55, "column": 21 }, "end": { "line": 55, "column": 95 } },
      "28": { "start": { "line": 56, "column": 23 }, "end": { "line": 56, "column": 76 } },
      "29": { "start": { "line": 57, "column": 6 }, "end": { "line": 57, "column": null } },
      "30": { "start": { "line": 59, "column": 6 }, "end": { "line": 59, "column": null } },
      "31": { "start": { "line": 7, "column": 0 }, "end": { "line": 7, "column": 13 } }
    },
    "fnMap": {
      "0": {
        "name": "(anonymous_1)",
        "decl": { "start": { "line": 8, "column": 2 }, "end": { "line": 8, "column": 8 } },
        "loc": { "start": { "line": 13, "column": 3 }, "end": { "line": 35, "column": 3 } }
      },
      "1": {
        "name": "(anonymous_2)",
        "decl": { "start": { "line": 37, "column": 2 }, "end": { "line": 37, "column": 8 } },
        "loc": { "start": { "line": 37, "column": 62 }, "end": { "line": 51, "column": 3 } }
      },
      "2": {
        "name": "(anonymous_3)",
        "decl": { "start": { "line": 53, "column": 2 }, "end": { "line": 53, "column": 8 } },
        "loc": { "start": { "line": 53, "column": 43 }, "end": { "line": 61, "column": 3 } }
      }
    },
    "branchMap": {
      "0": {
        "loc": { "start": { "line": 15, "column": 4 }, "end": { "line": 15, "column": null } },
        "type": "if",
        "locations": [
          { "start": { "line": 15, "column": 4 }, "end": { "line": 15, "column": null } },
          { "start": {}, "end": {} }
        ]
      },
      "1": {
        "loc": { "start": { "line": 18, "column": 4 }, "end": { "line": 18, "column": null } },
        "type": "if",
        "locations": [
          { "start": { "line": 18, "column": 4 }, "end": { "line": 18, "column": null } },
          { "start": {}, "end": {} }
        ]
      },
      "2": {
        "loc": { "start": { "line": 39, "column": 4 }, "end": { "line": 39, "column": null } },
        "type": "if",
        "locations": [
          { "start": { "line": 39, "column": 4 }, "end": { "line": 39, "column": null } },
          { "start": {}, "end": {} }
        ]
      },
      "3": {
        "loc": { "start": { "line": 42, "column": 4 }, "end": { "line": 42, "column": null } },
        "type": "if",
        "locations": [
          { "start": { "line": 42, "column": 4 }, "end": { "line": 42, "column": null } },
          { "start": {}, "end": {} }
        ]
      }
    },
    "s": {
      "0": 1,
      "1": 1,
      "2": 1,
      "3": 1,
      "4": 7,
      "5": 6,
      "6": 0,
      "7": 6,
      "8": 6,
      "9": 0,
      "10": 6,
      "11": 6,
      "12": 6,
      "13": 6,
      "14": 6,
      "15": 6,
      "16": 2,
      "17": 2,
      "18": 0,
      "19": 2,
      "20": 2,
      "21": 0,
      "22": 2,
      "23": 2,
      "24": 2,
      "25": 2,
      "26": 1,
      "27": 1,
      "28": 1,
      "29": 1,
      "30": 0,
      "31": 1
    },
    "f": { "0": 7, "1": 2, "2": 1 },
    "b": { "0": [0, 6], "1": [0, 6], "2": [0, 2], "3": [0, 2] }
  },
  "D:\\NODE\\PORTFOLIO-PROJECTS\\codes\\bookmark-manager-api\\src\\components\\bookmarks\\bookmark.controller.ts": {
    "path": "D:\\NODE\\PORTFOLIO-PROJECTS\\codes\\bookmark-manager-api\\src\\components\\bookmarks\\bookmark.controller.ts",
    "statementMap": {
      "0": { "start": { "line": 2, "column": 0 }, "end": { "line": 2, "column": 50 } },
      "1": { "start": { "line": 3, "column": 0 }, "end": { "line": 3, "column": 53 } },
      "2": { "start": { "line": 4, "column": 0 }, "end": { "line": 4, "column": 58 } },
      "3": { "start": { "line": 5, "column": 0 }, "end": { "line": 5, "column": 59 } },
      "4": { "start": { "line": 7, "column": 30 }, "end": { "line": 18, "column": 1 } },
      "5": { "start": { "line": 8, "column": 4 }, "end": { "line": 16, "column": 5 } },
      "6": { "start": { "line": 9, "column": 22 }, "end": { "line": 9, "column": 38 } },
      "7": { "start": { "line": 10, "column": 25 }, "end": { "line": 10, "column": 87 } },
      "8": { "start": { "line": 12, "column": 8 }, "end": { "line": 12, "column": null } },
      "9": { "start": { "line": 12, "column": 23 }, "end": { "line": 12, "column": null } },
      "10": { "start": { "line": 13, "column": 8 }, "end": { "line": 13, "column": null } },
      "11": { "start": { "line": 15, "column": 8 }, "end": { "line": 15, "column": null } },
      "12": { "start": { "line": 7, "column": 13 }, "end": { "line": 7, "column": 30 } },
      "13": { "start": { "line": 20, "column": 31 }, "end": { "line": 29, "column": 1 } },
      "14": { "start": { "line": 21, "column": 4 }, "end": { "line": 27, "column": 5 } },
      "15": { "start": { "line": 22, "column": 47 }, "end": { "line": 22, "column": 77 } },
      "16": { "start": { "line": 23, "column": 21 }, "end": { "line": 23, "column": 88 } },
      "17": { "start": { "line": 24, "column": 8 }, "end": { "line": 24, "column": null } },
      "18": { "start": { "line": 26, "column": 8 }, "end": { "line": 26, "column": null } },
      "19": { "start": { "line": 20, "column": 13 }, "end": { "line": 20, "column": 31 } },
      "20": { "start": { "line": 31, "column": 30 }, "end": { "line": 39, "column": 1 } },
      "21": { "start": { "line": 32, "column": 4 }, "end": { "line": 38, "column": 5 } },
      "22": { "start": { "line": 33, "column": 19 }, "end": { "line": 33, "column": 42 } },
      "23": { "start": { "line": 34, "column": 25 }, "end": { "line": 34, "column": 65 } },
      "24": { "start": { "line": 35, "column": 8 }, "end": { "line": 35, "column": null } },
      "25": { "start": { "line": 37, "column": 8 }, "end": { "line": 37, "column": null } },
      "26": { "start": { "line": 31, "column": 13 }, "end": { "line": 31, "column": 30 } },
      "27": { "start": { "line": 41, "column": 30 }, "end": { "line": 50, "column": 1 } },
      "28": { "start": { "line": 42, "column": 4 }, "end": { "line": 48, "column": 5 } },
      "29": { "start": { "line": 43, "column": 19 }, "end": { "line": 43, "column": 42 } },
      "30": { "start": { "line": 44, "column": 25 }, "end": { "line": 44, "column": 75 } },
      "31": { "start": { "line": 45, "column": 8 }, "end": { "line": 45, "column": null } },
      "32": { "start": { "line": 47, "column": 8 }, "end": { "line": 47, "column": null } },
      "33": { "start": { "line": 41, "column": 13 }, "end": { "line": 41, "column": 30 } },
      "34": { "start": { "line": 52, "column": 30 }, "end": { "line": 61, "column": 1 } },
      "35": { "start": { "line": 53, "column": 4 }, "end": { "line": 59, "column": 5 } },
      "36": { "start": { "line": 54, "column": 19 }, "end": { "line": 54, "column": 42 } },
      "37": { "start": { "line": 55, "column": 25 }, "end": { "line": 55, "column": 65 } },
      "38": { "start": { "line": 56, "column": 8 }, "end": { "line": 56, "column": null } },
      "39": { "start": { "line": 58, "column": 8 }, "end": { "line": 58, "column": null } },
      "40": { "start": { "line": 52, "column": 13 }, "end": { "line": 52, "column": 30 } }
    },
    "fnMap": {
      "0": {
        "name": "(anonymous_0)",
        "decl": { "start": { "line": 7, "column": 30 }, "end": { "line": 7, "column": 35 } },
        "loc": { "start": { "line": 7, "column": 68 }, "end": { "line": 18, "column": 1 } }
      },
      "1": {
        "name": "(anonymous_1)",
        "decl": { "start": { "line": 20, "column": 31 }, "end": { "line": 20, "column": 36 } },
        "loc": { "start": { "line": 20, "column": 69 }, "end": { "line": 29, "column": 1 } }
      },
      "2": {
        "name": "(anonymous_2)",
        "decl": { "start": { "line": 31, "column": 30 }, "end": { "line": 31, "column": 35 } },
        "loc": { "start": { "line": 31, "column": 68 }, "end": { "line": 39, "column": 1 } }
      },
      "3": {
        "name": "(anonymous_3)",
        "decl": { "start": { "line": 41, "column": 30 }, "end": { "line": 41, "column": 35 } },
        "loc": { "start": { "line": 41, "column": 68 }, "end": { "line": 50, "column": 1 } }
      },
      "4": {
        "name": "(anonymous_4)",
        "decl": { "start": { "line": 52, "column": 30 }, "end": { "line": 52, "column": 35 } },
        "loc": { "start": { "line": 52, "column": 68 }, "end": { "line": 61, "column": 1 } }
      }
    },
    "branchMap": {
      "0": {
        "loc": { "start": { "line": 12, "column": 8 }, "end": { "line": 12, "column": null } },
        "type": "if",
        "locations": [
          { "start": { "line": 12, "column": 8 }, "end": { "line": 12, "column": null } },
          { "start": {}, "end": {} }
        ]
      }
    },
    "s": {
      "0": 1,
      "1": 1,
      "2": 1,
      "3": 1,
      "4": 1,
      "5": 0,
      "6": 0,
      "7": 0,
      "8": 0,
      "9": 0,
      "10": 0,
      "11": 0,
      "12": 1,
      "13": 1,
      "14": 0,
      "15": 0,
      "16": 0,
      "17": 0,
      "18": 0,
      "19": 1,
      "20": 1,
      "21": 0,
      "22": 0,
      "23": 0,
      "24": 0,
      "25": 0,
      "26": 1,
      "27": 1,
      "28": 0,
      "29": 0,
      "30": 0,
      "31": 0,
      "32": 0,
      "33": 1,
      "34": 1,
      "35": 0,
      "36": 0,
      "37": 0,
      "38": 0,
      "39": 0,
      "40": 1
    },
    "f": { "0": 0, "1": 0, "2": 0, "3": 0, "4": 0 },
    "b": { "0": [0, 0] }
  },
  "D:\\NODE\\PORTFOLIO-PROJECTS\\codes\\bookmark-manager-api\\src\\components\\bookmarks\\bookmark.model.ts": {
    "path": "D:\\NODE\\PORTFOLIO-PROJECTS\\codes\\bookmark-manager-api\\src\\components\\bookmarks\\bookmark.model.ts",
    "statementMap": {
      "0": { "start": { "line": 1, "column": 0 }, "end": { "line": 1, "column": null } },
      "1": { "start": { "line": 13, "column": 0 }, "end": { "line": 13, "column": 45 } },
      "2": { "start": { "line": 16, "column": 7 }, "end": { "line": 50, "column": null } },
      "3": { "start": { "line": 16, "column": 13 }, "end": { "line": 16, "column": 21 } },
      "4": { "start": { "line": 19, "column": 2 }, "end": { "line": 19, "column": null } },
      "5": { "start": { "line": 22, "column": 2 }, "end": { "line": 22, "column": null } },
      "6": { "start": { "line": 26, "column": 2 }, "end": { "line": 26, "column": null } },
      "7": { "start": { "line": 30, "column": 2 }, "end": { "line": 30, "column": null } },
      "8": { "start": { "line": 35, "column": 2 }, "end": { "line": 35, "column": null } },
      "9": { "start": { "line": 33, "column": 20 }, "end": { "line": 33, "column": 26 } },
      "10": { "start": { "line": 40, "column": 2 }, "end": { "line": 40, "column": null } },
      "11": { "start": { "line": 38, "column": 20 }, "end": { "line": 38, "column": 24 } },
      "12": { "start": { "line": 43, "column": 2 }, "end": { "line": 43, "column": null } },
      "13": { "start": { "line": 42, "column": 19 }, "end": { "line": 42, "column": 25 } },
      "14": { "start": { "line": 46, "column": 2 }, "end": { "line": 46, "column": null } },
      "15": { "start": { "line": 45, "column": 19 }, "end": { "line": 45, "column": 23 } },
      "16": { "start": { "line": 49, "column": 2 }, "end": { "line": 49, "column": null } },
      "17": { "start": { "line": 48, "column": 23 }, "end": { "line": 48, "column": 26 } },
      "18": { "start": { "line": 48, "column": 34 }, "end": { "line": 48, "column": 46 } },
      "19": { "start": { "line": 16, "column": 13 }, "end": { "line": 50, "column": null } },
      "20": { "start": { "line": 53, "column": 7 }, "end": { "line": 63, "column": null } },
      "21": { "start": { "line": 53, "column": 13 }, "end": { "line": 53, "column": 25 } },
      "22": { "start": { "line": 57, "column": 2 }, "end": { "line": 57, "column": null } },
      "23": { "start": { "line": 55, "column": 20 }, "end": { "line": 55, "column": 28 } },
      "24": { "start": { "line": 62, "column": 2 }, "end": { "line": 62, "column": null } },
      "25": { "start": { "line": 60, "column": 20 }, "end": { "line": 60, "column": 23 } },
      "26": { "start": { "line": 53, "column": 13 }, "end": { "line": 63, "column": null } }
    },
    "fnMap": {
      "0": {
        "name": "(anonymous_2)",
        "decl": { "start": { "line": 33, "column": 14 }, "end": { "line": 33, "column": 17 } },
        "loc": { "start": { "line": 33, "column": 20 }, "end": { "line": 33, "column": 26 } }
      },
      "1": {
        "name": "(anonymous_3)",
        "decl": { "start": { "line": 38, "column": 14 }, "end": { "line": 38, "column": 17 } },
        "loc": { "start": { "line": 38, "column": 20 }, "end": { "line": 38, "column": 24 } }
      },
      "2": {
        "name": "(anonymous_4)",
        "decl": { "start": { "line": 42, "column": 13 }, "end": { "line": 42, "column": 16 } },
        "loc": { "start": { "line": 42, "column": 19 }, "end": { "line": 42, "column": 25 } }
      },
      "3": {
        "name": "(anonymous_5)",
        "decl": { "start": { "line": 45, "column": 13 }, "end": { "line": 45, "column": 16 } },
        "loc": { "start": { "line": 45, "column": 19 }, "end": { "line": 45, "column": 23 } }
      },
      "4": {
        "name": "(anonymous_6)",
        "decl": { "start": { "line": 48, "column": 17 }, "end": { "line": 48, "column": 20 } },
        "loc": { "start": { "line": 48, "column": 23 }, "end": { "line": 48, "column": 26 } }
      },
      "5": {
        "name": "(anonymous_7)",
        "decl": { "start": { "line": 48, "column": 28 }, "end": { "line": 48, "column": 31 } },
        "loc": { "start": { "line": 48, "column": 34 }, "end": { "line": 48, "column": 46 } }
      },
      "6": {
        "name": "(anonymous_8)",
        "decl": { "start": { "line": 55, "column": 14 }, "end": { "line": 55, "column": 17 } },
        "loc": { "start": { "line": 55, "column": 20 }, "end": { "line": 55, "column": 28 } }
      },
      "7": {
        "name": "(anonymous_9)",
        "decl": { "start": { "line": 60, "column": 14 }, "end": { "line": 60, "column": 17 } },
        "loc": { "start": { "line": 60, "column": 20 }, "end": { "line": 60, "column": 23 } }
      }
    },
    "branchMap": {},
    "s": {
      "0": 1,
      "1": 1,
      "2": 1,
      "3": 1,
      "4": 1,
      "5": 1,
      "6": 1,
      "7": 1,
      "8": 1,
      "9": 6,
      "10": 1,
      "11": 2,
      "12": 1,
      "13": 2,
      "14": 1,
      "15": 2,
      "16": 1,
      "17": 2,
      "18": 1,
      "19": 1,
      "20": 1,
      "21": 1,
      "22": 1,
      "23": 6,
      "24": 1,
      "25": 2,
      "26": 1
    },
    "f": { "0": 6, "1": 2, "2": 2, "3": 2, "4": 2, "5": 1, "6": 6, "7": 2 },
    "b": {}
  },
  "D:\\NODE\\PORTFOLIO-PROJECTS\\codes\\bookmark-manager-api\\src\\components\\bookmarks\\bookmark.repository.ts": {
    "path": "D:\\NODE\\PORTFOLIO-PROJECTS\\codes\\bookmark-manager-api\\src\\components\\bookmarks\\bookmark.repository.ts",
    "statementMap": {
      "0": { "start": { "line": 1, "column": 0 }, "end": { "line": 1, "column": 30 } },
      "1": { "start": { "line": 2, "column": 0 }, "end": { "line": 2, "column": 48 } },
      "2": { "start": { "line": 7, "column": 25 }, "end": { "line": 7, "column": 27 } },
      "3": { "start": { "line": 8, "column": 8 }, "end": { "line": 8, "column": null } },
      "4": { "start": { "line": 8, "column": 28 }, "end": { "line": 8, "column": null } },
      "5": { "start": { "line": 9, "column": 8 }, "end": { "line": 9, "column": null } },
      "6": { "start": { "line": 9, "column": 28 }, "end": { "line": 9, "column": null } },
      "7": { "start": { "line": 10, "column": 8 }, "end": { "line": 21, "column": null } },
      "8": { "start": { "line": 26, "column": 8 }, "end": { "line": 33, "column": null } },
      "9": { "start": { "line": 37, "column": 8 }, "end": { "line": 37, "column": null } },
      "10": { "start": { "line": 41, "column": 25 }, "end": { "line": 41, "column": 52 } },
      "11": { "start": { "line": 42, "column": 8 }, "end": { "line": 42, "column": null } },
      "12": { "start": { "line": 42, "column": 23 }, "end": { "line": 42, "column": null } },
      "13": { "start": { "line": 43, "column": 8 }, "end": { "line": 43, "column": null } },
      "14": { "start": { "line": 47, "column": 25 }, "end": { "line": 47, "column": 52 } },
      "15": { "start": { "line": 48, "column": 8 }, "end": { "line": 48, "column": null } },
      "16": { "start": { "line": 48, "column": 23 }, "end": { "line": 48, "column": null } },
      "17": { "start": { "line": 49, "column": 8 }, "end": { "line": 49, "column": null } },
      "18": { "start": { "line": 5, "column": 0 }, "end": { "line": 5, "column": 13 } }
    },
    "fnMap": {
      "0": {
        "name": "(anonymous_0)",
        "decl": { "start": { "line": 6, "column": 4 }, "end": { "line": 6, "column": 10 } },
        "loc": { "start": { "line": 6, "column": 106 }, "end": { "line": 23, "column": 5 } }
      },
      "1": {
        "name": "(anonymous_1)",
        "decl": { "start": { "line": 25, "column": 4 }, "end": { "line": 25, "column": 10 } },
        "loc": { "start": { "line": 25, "column": 43 }, "end": { "line": 34, "column": 5 } }
      },
      "2": {
        "name": "(anonymous_2)",
        "decl": { "start": { "line": 36, "column": 4 }, "end": { "line": 36, "column": 10 } },
        "loc": { "start": { "line": 36, "column": 49 }, "end": { "line": 38, "column": 5 } }
      },
      "3": {
        "name": "(anonymous_3)",
        "decl": { "start": { "line": 40, "column": 4 }, "end": { "line": 40, "column": 10 } },
        "loc": { "start": { "line": 40, "column": 69 }, "end": { "line": 44, "column": 5 } }
      },
      "4": {
        "name": "(anonymous_4)",
        "decl": { "start": { "line": 46, "column": 4 }, "end": { "line": 46, "column": 10 } },
        "loc": { "start": { "line": 46, "column": 41 }, "end": { "line": 50, "column": 5 } }
      }
    },
    "branchMap": {
      "0": {
        "loc": { "start": { "line": 8, "column": 8 }, "end": { "line": 8, "column": null } },
        "type": "if",
        "locations": [
          { "start": { "line": 8, "column": 8 }, "end": { "line": 8, "column": null } },
          { "start": {}, "end": {} }
        ]
      },
      "1": {
        "loc": { "start": { "line": 9, "column": 8 }, "end": { "line": 9, "column": null } },
        "type": "if",
        "locations": [
          { "start": { "line": 9, "column": 8 }, "end": { "line": 9, "column": null } },
          { "start": {}, "end": {} }
        ]
      },
      "2": {
        "loc": { "start": { "line": 42, "column": 8 }, "end": { "line": 42, "column": null } },
        "type": "if",
        "locations": [
          { "start": { "line": 42, "column": 8 }, "end": { "line": 42, "column": null } },
          { "start": {}, "end": {} }
        ]
      },
      "3": {
        "loc": { "start": { "line": 48, "column": 8 }, "end": { "line": 48, "column": null } },
        "type": "if",
        "locations": [
          { "start": { "line": 48, "column": 8 }, "end": { "line": 48, "column": null } },
          { "start": {}, "end": {} }
        ]
      }
    },
    "s": {
      "0": 1,
      "1": 1,
      "2": 0,
      "3": 0,
      "4": 0,
      "5": 0,
      "6": 0,
      "7": 0,
      "8": 0,
      "9": 0,
      "10": 0,
      "11": 0,
      "12": 0,
      "13": 0,
      "14": 0,
      "15": 0,
      "16": 0,
      "17": 0,
      "18": 1
    },
    "f": { "0": 0, "1": 0, "2": 0, "3": 0, "4": 0 },
    "b": { "0": [0, 0], "1": [0, 0], "2": [0, 0], "3": [0, 0] }
  },
  "D:\\NODE\\PORTFOLIO-PROJECTS\\codes\\bookmark-manager-api\\src\\components\\bookmarks\\bookmark.routes.ts": {
    "path": "D:\\NODE\\PORTFOLIO-PROJECTS\\codes\\bookmark-manager-api\\src\\components\\bookmarks\\bookmark.routes.ts",
    "statementMap": {
      "0": { "start": { "line": 1, "column": 0 }, "end": { "line": 1, "column": 30 } },
      "1": { "start": { "line": 2, "column": 0 }, "end": { "line": 2, "column": null } },
      "2": { "start": { "line": 8, "column": 0 }, "end": { "line": 8, "column": 48 } },
      "3": { "start": { "line": 10, "column": 0 }, "end": { "line": 10, "column": 61 } },
      "4": { "start": { "line": 11, "column": 15 }, "end": { "line": 11, "column": 23 } },
      "5": { "start": { "line": 13, "column": 0 }, "end": { "line": 13, "column": null } },
      "6": { "start": { "line": 14, "column": 0 }, "end": { "line": 14, "column": null } },
      "7": { "start": { "line": 15, "column": 0 }, "end": { "line": 15, "column": null } },
      "8": { "start": { "line": 16, "column": 0 }, "end": { "line": 16, "column": null } },
      "9": { "start": { "line": 17, "column": 0 }, "end": { "line": 17, "column": null } },
      "10": { "start": { "line": 22, "column": 0 }, "end": { "line": 22, "column": null } }
    },
    "fnMap": {},
    "branchMap": {},
    "s": {
      "0": 1,
      "1": 1,
      "2": 1,
      "3": 1,
      "4": 1,
      "5": 1,
      "6": 1,
      "7": 1,
      "8": 1,
      "9": 1,
      "10": 1
    },
    "f": {},
    "b": {}
  },
  "D:\\NODE\\PORTFOLIO-PROJECTS\\codes\\bookmark-manager-api\\src\\components\\bookmarks\\bookmark.schema.ts": {
    "path": "D:\\NODE\\PORTFOLIO-PROJECTS\\codes\\bookmark-manager-api\\src\\components\\bookmarks\\bookmark.schema.ts",
    "statementMap": {
      "0": { "start": { "line": 1, "column": 0 }, "end": { "line": 1, "column": 21 } },
      "1": { "start": { "line": 3, "column": 13 }, "end": { "line": 10, "column": null } }
    },
    "fnMap": {},
    "branchMap": {},
    "s": { "0": 1, "1": 1 },
    "f": {},
    "b": {}
  },
  "D:\\NODE\\PORTFOLIO-PROJECTS\\codes\\bookmark-manager-api\\src\\components\\bookmarks\\bookmark.service.ts": {
    "path": "D:\\NODE\\PORTFOLIO-PROJECTS\\codes\\bookmark-manager-api\\src\\components\\bookmarks\\bookmark.service.ts",
    "statementMap": {
      "0": { "start": { "line": 1, "column": 0 }, "end": { "line": 1, "column": 53 } },
      "1": { "start": { "line": 2, "column": 0 }, "end": { "line": 2, "column": 56 } },
      "2": { "start": { "line": 8, "column": 8 }, "end": { "line": 8, "column": null } },
      "3": { "start": { "line": 13, "column": 30 }, "end": { "line": 13, "column": 95 } },
      "4": { "start": { "line": 15, "column": 8 }, "end": { "line": 15, "column": null } },
      "5": { "start": { "line": 19, "column": 21 }, "end": { "line": 19, "column": 66 } },
      "6": { "start": { "line": 20, "column": 8 }, "end": { "line": 20, "column": null } },
      "7": { "start": { "line": 20, "column": 19 }, "end": { "line": 20, "column": null } },
      "8": { "start": { "line": 22, "column": 8 }, "end": { "line": 22, "column": null } },
      "9": { "start": { "line": 26, "column": 24 }, "end": { "line": 26, "column": 73 } },
      "10": { "start": { "line": 27, "column": 8 }, "end": { "line": 27, "column": null } },
      "11": { "start": { "line": 27, "column": 23 }, "end": { "line": 27, "column": null } },
      "12": { "start": { "line": 28, "column": 8 }, "end": { "line": 28, "column": null } },
      "13": { "start": { "line": 32, "column": 24 }, "end": { "line": 32, "column": 67 } },
      "14": { "start": { "line": 33, "column": 8 }, "end": { "line": 33, "column": null } },
      "15": { "start": { "line": 33, "column": 23 }, "end": { "line": 33, "column": null } },
      "16": { "start": { "line": 34, "column": 8 }, "end": { "line": 34, "column": null } },
      "17": { "start": { "line": 5, "column": 0 }, "end": { "line": 5, "column": 13 } }
    },
    "fnMap": {
      "0": {
        "name": "(anonymous_0)",
        "decl": { "start": { "line": 7, "column": 4 }, "end": { "line": 7, "column": 10 } },
        "loc": { "start": { "line": 7, "column": 49 }, "end": { "line": 9, "column": 5 } }
      },
      "1": {
        "name": "(anonymous_1)",
        "decl": { "start": { "line": 11, "column": 4 }, "end": { "line": 11, "column": 10 } },
        "loc": { "start": { "line": 11, "column": 88 }, "end": { "line": 16, "column": 5 } }
      },
      "2": {
        "name": "(anonymous_2)",
        "decl": { "start": { "line": 18, "column": 4 }, "end": { "line": 18, "column": 10 } },
        "loc": { "start": { "line": 18, "column": 41 }, "end": { "line": 23, "column": 5 } }
      },
      "3": {
        "name": "(anonymous_3)",
        "decl": { "start": { "line": 25, "column": 4 }, "end": { "line": 25, "column": 10 } },
        "loc": { "start": { "line": 25, "column": 51 }, "end": { "line": 29, "column": 5 } }
      },
      "4": {
        "name": "(anonymous_4)",
        "decl": { "start": { "line": 31, "column": 4 }, "end": { "line": 31, "column": 10 } },
        "loc": { "start": { "line": 31, "column": 41 }, "end": { "line": 35, "column": 5 } }
      }
    },
    "branchMap": {
      "0": {
        "loc": { "start": { "line": 20, "column": 8 }, "end": { "line": 20, "column": null } },
        "type": "if",
        "locations": [
          { "start": { "line": 20, "column": 8 }, "end": { "line": 20, "column": null } },
          { "start": {}, "end": {} }
        ]
      },
      "1": {
        "loc": { "start": { "line": 27, "column": 8 }, "end": { "line": 27, "column": null } },
        "type": "if",
        "locations": [
          { "start": { "line": 27, "column": 8 }, "end": { "line": 27, "column": null } },
          { "start": {}, "end": {} }
        ]
      },
      "2": {
        "loc": { "start": { "line": 33, "column": 8 }, "end": { "line": 33, "column": null } },
        "type": "if",
        "locations": [
          { "start": { "line": 33, "column": 8 }, "end": { "line": 33, "column": null } },
          { "start": {}, "end": {} }
        ]
      }
    },
    "s": {
      "0": 1,
      "1": 1,
      "2": 0,
      "3": 0,
      "4": 0,
      "5": 0,
      "6": 0,
      "7": 0,
      "8": 0,
      "9": 0,
      "10": 0,
      "11": 0,
      "12": 0,
      "13": 0,
      "14": 0,
      "15": 0,
      "16": 0,
      "17": 1
    },
    "f": { "0": 0, "1": 0, "2": 0, "3": 0, "4": 0 },
    "b": { "0": [0, 0], "1": [0, 0], "2": [0, 0] }
  },
  "D:\\NODE\\PORTFOLIO-PROJECTS\\codes\\bookmark-manager-api\\src\\components\\folders\\folder.controller.ts": {
    "path": "D:\\NODE\\PORTFOLIO-PROJECTS\\codes\\bookmark-manager-api\\src\\components\\folders\\folder.controller.ts",
    "statementMap": {
      "0": { "start": { "line": 2, "column": 0 }, "end": { "line": 2, "column": 46 } },
      "1": { "start": { "line": 3, "column": 0 }, "end": { "line": 3, "column": 53 } },
      "2": { "start": { "line": 4, "column": 0 }, "end": { "line": 4, "column": 58 } },
      "3": { "start": { "line": 5, "column": 0 }, "end": { "line": 5, "column": 59 } },
      "4": { "start": { "line": 7, "column": 28 }, "end": { "line": 19, "column": 1 } },
      "5": { "start": { "line": 8, "column": 4 }, "end": { "line": 17, "column": 5 } },
      "6": { "start": { "line": 9, "column": 22 }, "end": { "line": 9, "column": 38 } },
      "7": { "start": { "line": 10, "column": 23 }, "end": { "line": 10, "column": 31 } },
      "8": { "start": { "line": 11, "column": 23 }, "end": { "line": 11, "column": 65 } },
      "9": { "start": { "line": 13, "column": 8 }, "end": { "line": 13, "column": null } },
      "10": { "start": { "line": 13, "column": 21 }, "end": { "line": 13, "column": null } },
      "11": { "start": { "line": 14, "column": 8 }, "end": { "line": 14, "column": null } },
      "12": { "start": { "line": 16, "column": 8 }, "end": { "line": 16, "column": null } },
      "13": { "start": { "line": 7, "column": 13 }, "end": { "line": 7, "column": 28 } },
      "14": { "start": { "line": 21, "column": 29 }, "end": { "line": 30, "column": 1 } },
      "15": { "start": { "line": 22, "column": 4 }, "end": { "line": 28, "column": 5 } },
      "16": { "start": { "line": 23, "column": 47 }, "end": { "line": 23, "column": 77 } },
      "17": { "start": { "line": 24, "column": 21 }, "end": { "line": 24, "column": 84 } },
      "18": { "start": { "line": 25, "column": 8 }, "end": { "line": 25, "column": null } },
      "19": { "start": { "line": 27, "column": 8 }, "end": { "line": 27, "column": null } },
      "20": { "start": { "line": 21, "column": 13 }, "end": { "line": 21, "column": 29 } },
      "21": { "start": { "line": 32, "column": 28 }, "end": { "line": 40, "column": 1 } },
      "22": { "start": { "line": 33, "column": 4 }, "end": { "line": 39, "column": 5 } },
      "23": { "start": { "line": 34, "column": 19 }, "end": { "line": 34, "column": 42 } },
      "24": { "start": { "line": 35, "column": 23 }, "end": { "line": 35, "column": 59 } },
      "25": { "start": { "line": 36, "column": 8 }, "end": { "line": 36, "column": null } },
      "26": { "start": { "line": 38, "column": 8 }, "end": { "line": 38, "column": null } },
      "27": { "start": { "line": 32, "column": 13 }, "end": { "line": 32, "column": 28 } },
      "28": { "start": { "line": 42, "column": 28 }, "end": { "line": 51, "column": 1 } },
      "29": { "start": { "line": 43, "column": 4 }, "end": { "line": 49, "column": 5 } },
      "30": { "start": { "line": 44, "column": 19 }, "end": { "line": 44, "column": 42 } },
      "31": { "start": { "line": 45, "column": 23 }, "end": { "line": 45, "column": 69 } },
      "32": { "start": { "line": 46, "column": 8 }, "end": { "line": 46, "column": null } },
      "33": { "start": { "line": 48, "column": 8 }, "end": { "line": 48, "column": null } },
      "34": { "start": { "line": 42, "column": 13 }, "end": { "line": 42, "column": 28 } },
      "35": { "start": { "line": 53, "column": 28 }, "end": { "line": 62, "column": 1 } },
      "36": { "start": { "line": 54, "column": 4 }, "end": { "line": 60, "column": 5 } },
      "37": { "start": { "line": 55, "column": 19 }, "end": { "line": 55, "column": 42 } },
      "38": { "start": { "line": 56, "column": 23 }, "end": { "line": 56, "column": 59 } },
      "39": { "start": { "line": 57, "column": 8 }, "end": { "line": 57, "column": null } },
      "40": { "start": { "line": 59, "column": 8 }, "end": { "line": 59, "column": null } },
      "41": { "start": { "line": 53, "column": 13 }, "end": { "line": 53, "column": 28 } }
    },
    "fnMap": {
      "0": {
        "name": "(anonymous_0)",
        "decl": { "start": { "line": 7, "column": 28 }, "end": { "line": 7, "column": 33 } },
        "loc": { "start": { "line": 7, "column": 66 }, "end": { "line": 19, "column": 1 } }
      },
      "1": {
        "name": "(anonymous_1)",
        "decl": { "start": { "line": 21, "column": 29 }, "end": { "line": 21, "column": 34 } },
        "loc": { "start": { "line": 21, "column": 67 }, "end": { "line": 30, "column": 1 } }
      },
      "2": {
        "name": "(anonymous_2)",
        "decl": { "start": { "line": 32, "column": 28 }, "end": { "line": 32, "column": 33 } },
        "loc": { "start": { "line": 32, "column": 66 }, "end": { "line": 40, "column": 1 } }
      },
      "3": {
        "name": "(anonymous_3)",
        "decl": { "start": { "line": 42, "column": 28 }, "end": { "line": 42, "column": 33 } },
        "loc": { "start": { "line": 42, "column": 66 }, "end": { "line": 51, "column": 1 } }
      },
      "4": {
        "name": "(anonymous_4)",
        "decl": { "start": { "line": 53, "column": 28 }, "end": { "line": 53, "column": 33 } },
        "loc": { "start": { "line": 53, "column": 66 }, "end": { "line": 62, "column": 1 } }
      }
    },
    "branchMap": {
      "0": {
        "loc": { "start": { "line": 13, "column": 8 }, "end": { "line": 13, "column": null } },
        "type": "if",
        "locations": [
          { "start": { "line": 13, "column": 8 }, "end": { "line": 13, "column": null } },
          { "start": {}, "end": {} }
        ]
      }
    },
    "s": {
      "0": 1,
      "1": 1,
      "2": 1,
      "3": 1,
      "4": 1,
      "5": 0,
      "6": 0,
      "7": 0,
      "8": 0,
      "9": 0,
      "10": 0,
      "11": 0,
      "12": 0,
      "13": 1,
      "14": 1,
      "15": 0,
      "16": 0,
      "17": 0,
      "18": 0,
      "19": 0,
      "20": 1,
      "21": 1,
      "22": 0,
      "23": 0,
      "24": 0,
      "25": 0,
      "26": 0,
      "27": 1,
      "28": 1,
      "29": 0,
      "30": 0,
      "31": 0,
      "32": 0,
      "33": 0,
      "34": 1,
      "35": 1,
      "36": 0,
      "37": 0,
      "38": 0,
      "39": 0,
      "40": 0,
      "41": 1
    },
    "f": { "0": 0, "1": 0, "2": 0, "3": 0, "4": 0 },
    "b": { "0": [0, 0] }
  },
  "D:\\NODE\\PORTFOLIO-PROJECTS\\codes\\bookmark-manager-api\\src\\components\\folders\\folder.model.ts": {
    "path": "D:\\NODE\\PORTFOLIO-PROJECTS\\codes\\bookmark-manager-api\\src\\components\\folders\\folder.model.ts",
    "statementMap": {
      "0": { "start": { "line": 1, "column": 0 }, "end": { "line": 1, "column": null } },
      "1": { "start": { "line": 12, "column": 0 }, "end": { "line": 12, "column": 42 } },
      "2": { "start": { "line": 15, "column": 7 }, "end": { "line": 30, "column": null } },
      "3": { "start": { "line": 15, "column": 13 }, "end": { "line": 15, "column": 19 } },
      "4": { "start": { "line": 18, "column": 2 }, "end": { "line": 18, "column": null } },
      "5": { "start": { "line": 23, "column": 2 }, "end": { "line": 23, "column": null } },
      "6": { "start": { "line": 21, "column": 20 }, "end": { "line": 21, "column": 24 } },
      "7": { "start": { "line": 26, "column": 2 }, "end": { "line": 26, "column": null } },
      "8": { "start": { "line": 25, "column": 19 }, "end": { "line": 25, "column": 23 } },
      "9": { "start": { "line": 29, "column": 2 }, "end": { "line": 29, "column": null } },
      "10": { "start": { "line": 28, "column": 17 }, "end": { "line": 28, "column": 25 } },
      "11": { "start": { "line": 15, "column": 13 }, "end": { "line": 30, "column": null } }
    },
    "fnMap": {
      "0": {
        "name": "(anonymous_2)",
        "decl": { "start": { "line": 21, "column": 14 }, "end": { "line": 21, "column": 17 } },
        "loc": { "start": { "line": 21, "column": 20 }, "end": { "line": 21, "column": 24 } }
      },
      "1": {
        "name": "(anonymous_3)",
        "decl": { "start": { "line": 25, "column": 13 }, "end": { "line": 25, "column": 16 } },
        "loc": { "start": { "line": 25, "column": 19 }, "end": { "line": 25, "column": 23 } }
      },
      "2": {
        "name": "(anonymous_4)",
        "decl": { "start": { "line": 28, "column": 11 }, "end": { "line": 28, "column": 14 } },
        "loc": { "start": { "line": 28, "column": 17 }, "end": { "line": 28, "column": 25 } }
      }
    },
    "branchMap": {},
    "s": {
      "0": 1,
      "1": 1,
      "2": 1,
      "3": 1,
      "4": 1,
      "5": 1,
      "6": 2,
      "7": 1,
      "8": 2,
      "9": 1,
      "10": 2,
      "11": 1
    },
    "f": { "0": 2, "1": 2, "2": 2 },
    "b": {}
  },
  "D:\\NODE\\PORTFOLIO-PROJECTS\\codes\\bookmark-manager-api\\src\\components\\folders\\folder.repository.ts": {
    "path": "D:\\NODE\\PORTFOLIO-PROJECTS\\codes\\bookmark-manager-api\\src\\components\\folders\\folder.repository.ts",
    "statementMap": {
      "0": { "start": { "line": 1, "column": 0 }, "end": { "line": 1, "column": 30 } },
      "1": { "start": { "line": 2, "column": 0 }, "end": { "line": 2, "column": 48 } },
      "2": { "start": { "line": 6, "column": 25 }, "end": { "line": 6, "column": 27 } },
      "3": { "start": { "line": 7, "column": 8 }, "end": { "line": 7, "column": null } },
      "4": { "start": { "line": 7, "column": 28 }, "end": { "line": 7, "column": null } },
      "5": { "start": { "line": 8, "column": 8 }, "end": { "line": 8, "column": null } },
      "6": { "start": { "line": 8, "column": 28 }, "end": { "line": 8, "column": null } },
      "7": { "start": { "line": 9, "column": 8 }, "end": { "line": 16, "column": null } },
      "8": { "start": { "line": 21, "column": 8 }, "end": { "line": 25, "column": null } },
      "9": { "start": { "line": 29, "column": 8 }, "end": { "line": 29, "column": null } },
      "10": { "start": { "line": 33, "column": 23 }, "end": { "line": 33, "column": 48 } },
      "11": { "start": { "line": 34, "column": 8 }, "end": { "line": 34, "column": null } },
      "12": { "start": { "line": 34, "column": 21 }, "end": { "line": 34, "column": null } },
      "13": { "start": { "line": 35, "column": 8 }, "end": { "line": 35, "column": null } },
      "14": { "start": { "line": 39, "column": 8 }, "end": { "line": 39, "column": null } },
      "15": { "start": { "line": 4, "column": 0 }, "end": { "line": 4, "column": 13 } }
    },
    "fnMap": {
      "0": {
        "name": "(anonymous_0)",
        "decl": { "start": { "line": 5, "column": 4 }, "end": { "line": 5, "column": 10 } },
        "loc": { "start": { "line": 5, "column": 104 }, "end": { "line": 18, "column": 5 } }
      },
      "1": {
        "name": "(anonymous_1)",
        "decl": { "start": { "line": 20, "column": 4 }, "end": { "line": 20, "column": 10 } },
        "loc": { "start": { "line": 20, "column": 41 }, "end": { "line": 26, "column": 5 } }
      },
      "2": {
        "name": "(anonymous_2)",
        "decl": { "start": { "line": 28, "column": 4 }, "end": { "line": 28, "column": 10 } },
        "loc": { "start": { "line": 28, "column": 38 }, "end": { "line": 30, "column": 5 } }
      },
      "3": {
        "name": "(anonymous_3)",
        "decl": { "start": { "line": 32, "column": 4 }, "end": { "line": 32, "column": 10 } },
        "loc": { "start": { "line": 32, "column": 61 }, "end": { "line": 36, "column": 5 } }
      },
      "4": {
        "name": "(anonymous_4)",
        "decl": { "start": { "line": 38, "column": 4 }, "end": { "line": 38, "column": 10 } },
        "loc": { "start": { "line": 38, "column": 39 }, "end": { "line": 40, "column": 5 } }
      }
    },
    "branchMap": {
      "0": {
        "loc": { "start": { "line": 7, "column": 8 }, "end": { "line": 7, "column": null } },
        "type": "if",
        "locations": [
          { "start": { "line": 7, "column": 8 }, "end": { "line": 7, "column": null } },
          { "start": {}, "end": {} }
        ]
      },
      "1": {
        "loc": { "start": { "line": 8, "column": 8 }, "end": { "line": 8, "column": null } },
        "type": "if",
        "locations": [
          { "start": { "line": 8, "column": 8 }, "end": { "line": 8, "column": null } },
          { "start": {}, "end": {} }
        ]
      },
      "2": {
        "loc": { "start": { "line": 34, "column": 8 }, "end": { "line": 34, "column": null } },
        "type": "if",
        "locations": [
          { "start": { "line": 34, "column": 8 }, "end": { "line": 34, "column": null } },
          { "start": {}, "end": {} }
        ]
      }
    },
    "s": {
      "0": 1,
      "1": 1,
      "2": 0,
      "3": 0,
      "4": 0,
      "5": 0,
      "6": 0,
      "7": 0,
      "8": 0,
      "9": 0,
      "10": 0,
      "11": 0,
      "12": 0,
      "13": 0,
      "14": 0,
      "15": 1
    },
    "f": { "0": 0, "1": 0, "2": 0, "3": 0, "4": 0 },
    "b": { "0": [0, 0], "1": [0, 0], "2": [0, 0] }
  },
  "D:\\NODE\\PORTFOLIO-PROJECTS\\codes\\bookmark-manager-api\\src\\components\\folders\\folder.routes.ts": {
    "path": "D:\\NODE\\PORTFOLIO-PROJECTS\\codes\\bookmark-manager-api\\src\\components\\folders\\folder.routes.ts",
    "statementMap": {
      "0": { "start": { "line": 1, "column": 0 }, "end": { "line": 1, "column": 30 } },
      "1": { "start": { "line": 2, "column": 0 }, "end": { "line": 2, "column": null } },
      "2": { "start": { "line": 8, "column": 0 }, "end": { "line": 8, "column": 44 } },
      "3": { "start": { "line": 10, "column": 0 }, "end": { "line": 10, "column": 61 } },
      "4": { "start": { "line": 11, "column": 15 }, "end": { "line": 11, "column": 23 } },
      "5": { "start": { "line": 13, "column": 0 }, "end": { "line": 13, "column": null } },
      "6": { "start": { "line": 14, "column": 0 }, "end": { "line": 14, "column": null } },
      "7": { "start": { "line": 15, "column": 0 }, "end": { "line": 15, "column": null } },
      "8": { "start": { "line": 16, "column": 0 }, "end": { "line": 16, "column": null } },
      "9": { "start": { "line": 17, "column": 0 }, "end": { "line": 17, "column": null } },
      "10": { "start": { "line": 22, "column": 0 }, "end": { "line": 22, "column": null } }
    },
    "fnMap": {},
    "branchMap": {},
    "s": {
      "0": 1,
      "1": 1,
      "2": 1,
      "3": 1,
      "4": 1,
      "5": 1,
      "6": 1,
      "7": 1,
      "8": 1,
      "9": 1,
      "10": 1
    },
    "f": {},
    "b": {}
  },
  "D:\\NODE\\PORTFOLIO-PROJECTS\\codes\\bookmark-manager-api\\src\\components\\folders\\folder.schema.ts": {
    "path": "D:\\NODE\\PORTFOLIO-PROJECTS\\codes\\bookmark-manager-api\\src\\components\\folders\\folder.schema.ts",
    "statementMap": {
      "0": { "start": { "line": 1, "column": 0 }, "end": { "line": 1, "column": 21 } },
      "1": { "start": { "line": 3, "column": 13 }, "end": { "line": 5, "column": null } }
    },
    "fnMap": {},
    "branchMap": {},
    "s": { "0": 1, "1": 1 },
    "f": {},
    "b": {}
  },
  "D:\\NODE\\PORTFOLIO-PROJECTS\\codes\\bookmark-manager-api\\src\\components\\folders\\folder.service.ts": {
    "path": "D:\\NODE\\PORTFOLIO-PROJECTS\\codes\\bookmark-manager-api\\src\\components\\folders\\folder.service.ts",
    "statementMap": {
      "0": { "start": { "line": 1, "column": 0 }, "end": { "line": 1, "column": 53 } },
      "1": { "start": { "line": 2, "column": 0 }, "end": { "line": 2, "column": 52 } },
      "2": { "start": { "line": 7, "column": 8 }, "end": { "line": 7, "column": null } },
      "3": { "start": { "line": 12, "column": 30 }, "end": { "line": 12, "column": 91 } },
      "4": { "start": { "line": 14, "column": 24 }, "end": { "line": 17, "column": 10 } },
      "5": { "start": { "line": 15, "column": 58 }, "end": { "line": 15, "column": 73 } },
      "6": { "start": { "line": 16, "column": 12 }, "end": { "line": 16, "column": null } },
      "7": { "start": { "line": 19, "column": 8 }, "end": { "line": 19, "column": null } },
      "8": { "start": { "line": 23, "column": 21 }, "end": { "line": 23, "column": 62 } },
      "9": { "start": { "line": 24, "column": 8 }, "end": { "line": 24, "column": null } },
      "10": { "start": { "line": 24, "column": 19 }, "end": { "line": 24, "column": null } },
      "11": { "start": { "line": 25, "column": 54 }, "end": { "line": 25, "column": 67 } },
      "12": { "start": { "line": 27, "column": 8 }, "end": { "line": 27, "column": null } },
      "13": { "start": { "line": 31, "column": 24 }, "end": { "line": 31, "column": 69 } },
      "14": { "start": { "line": 32, "column": 8 }, "end": { "line": 32, "column": null } },
      "15": { "start": { "line": 32, "column": 23 }, "end": { "line": 32, "column": null } },
      "16": { "start": { "line": 33, "column": 8 }, "end": { "line": 33, "column": null } },
      "17": { "start": { "line": 37, "column": 24 }, "end": { "line": 37, "column": 63 } },
      "18": { "start": { "line": 38, "column": 8 }, "end": { "line": 38, "column": null } },
      "19": { "start": { "line": 38, "column": 23 }, "end": { "line": 38, "column": null } },
      "20": { "start": { "line": 39, "column": 8 }, "end": { "line": 39, "column": null } },
      "21": { "start": { "line": 4, "column": 0 }, "end": { "line": 4, "column": 13 } }
    },
    "fnMap": {
      "0": {
        "name": "(anonymous_0)",
        "decl": { "start": { "line": 6, "column": 4 }, "end": { "line": 6, "column": 10 } },
        "loc": { "start": { "line": 6, "column": 51 }, "end": { "line": 8, "column": 5 } }
      },
      "1": {
        "name": "(anonymous_1)",
        "decl": { "start": { "line": 10, "column": 4 }, "end": { "line": 10, "column": 10 } },
        "loc": { "start": { "line": 10, "column": 86 }, "end": { "line": 20, "column": 5 } }
      },
      "2": {
        "name": "(anonymous_2)",
        "decl": { "start": { "line": 14, "column": 33 }, "end": { "line": 14, "column": 39 } },
        "loc": { "start": { "line": 14, "column": 42 }, "end": { "line": 17, "column": 9 } }
      },
      "3": {
        "name": "(anonymous_3)",
        "decl": { "start": { "line": 22, "column": 4 }, "end": { "line": 22, "column": 10 } },
        "loc": { "start": { "line": 22, "column": 39 }, "end": { "line": 28, "column": 5 } }
      },
      "4": {
        "name": "(anonymous_4)",
        "decl": { "start": { "line": 30, "column": 4 }, "end": { "line": 30, "column": 10 } },
        "loc": { "start": { "line": 30, "column": 49 }, "end": { "line": 34, "column": 5 } }
      },
      "5": {
        "name": "(anonymous_5)",
        "decl": { "start": { "line": 36, "column": 4 }, "end": { "line": 36, "column": 10 } },
        "loc": { "start": { "line": 36, "column": 39 }, "end": { "line": 40, "column": 5 } }
      }
    },
    "branchMap": {
      "0": {
        "loc": { "start": { "line": 24, "column": 8 }, "end": { "line": 24, "column": null } },
        "type": "if",
        "locations": [
          { "start": { "line": 24, "column": 8 }, "end": { "line": 24, "column": null } },
          { "start": {}, "end": {} }
        ]
      },
      "1": {
        "loc": { "start": { "line": 32, "column": 8 }, "end": { "line": 32, "column": null } },
        "type": "if",
        "locations": [
          { "start": { "line": 32, "column": 8 }, "end": { "line": 32, "column": null } },
          { "start": {}, "end": {} }
        ]
      },
      "2": {
        "loc": { "start": { "line": 38, "column": 8 }, "end": { "line": 38, "column": null } },
        "type": "if",
        "locations": [
          { "start": { "line": 38, "column": 8 }, "end": { "line": 38, "column": null } },
          { "start": {}, "end": {} }
        ]
      }
    },
    "s": {
      "0": 1,
      "1": 1,
      "2": 0,
      "3": 0,
      "4": 0,
      "5": 0,
      "6": 0,
      "7": 0,
      "8": 0,
      "9": 0,
      "10": 0,
      "11": 0,
      "12": 0,
      "13": 0,
      "14": 0,
      "15": 0,
      "16": 0,
      "17": 0,
      "18": 0,
      "19": 0,
      "20": 0,
      "21": 1
    },
    "f": { "0": 0, "1": 0, "2": 0, "3": 0, "4": 0, "5": 0 },
    "b": { "0": [0, 0], "1": [0, 0], "2": [0, 0] }
  },
  "D:\\NODE\\PORTFOLIO-PROJECTS\\codes\\bookmark-manager-api\\src\\components\\models\\index.ts": {
    "path": "D:\\NODE\\PORTFOLIO-PROJECTS\\codes\\bookmark-manager-api\\src\\components\\models\\index.ts",
    "statementMap": {
      "0": { "start": { "line": 1, "column": 0 }, "end": { "line": 1, "column": 9 } },
      "1": { "start": { "line": 9, "column": 9 }, "end": { "line": 1, "column": 42 } },
      "2": { "start": { "line": 2, "column": 0 }, "end": { "line": 2, "column": 9 } },
      "3": { "start": { "line": 9, "column": 15 }, "end": { "line": 2, "column": 48 } },
      "4": { "start": { "line": 3, "column": 0 }, "end": { "line": 3, "column": 9 } },
      "5": { "start": { "line": 9, "column": 23 }, "end": { "line": 3, "column": 19 } },
      "6": { "start": { "line": 9, "column": 38 }, "end": { "line": 3, "column": 68 } },
      "7": { "start": { "line": 4, "column": 0 }, "end": { "line": 4, "column": 9 } },
      "8": { "start": { "line": 9, "column": 33 }, "end": { "line": 4, "column": 39 } },
      "9": { "start": { "line": 7, "column": 13 }, "end": { "line": 7, "column": null } }
    },
    "fnMap": {
      "0": {
        "name": "(anonymous_0)",
        "decl": { "start": { "line": 9, "column": 9 }, "end": { "line": 9, "column": 13 } },
        "loc": { "start": { "line": 9, "column": 9 }, "end": { "line": 1, "column": 42 } }
      },
      "1": {
        "name": "(anonymous_1)",
        "decl": { "start": { "line": 9, "column": 15 }, "end": { "line": 9, "column": 21 } },
        "loc": { "start": { "line": 9, "column": 15 }, "end": { "line": 2, "column": 48 } }
      },
      "2": {
        "name": "(anonymous_2)",
        "decl": { "start": { "line": 9, "column": 23 }, "end": { "line": 9, "column": 31 } },
        "loc": { "start": { "line": 9, "column": 23 }, "end": { "line": 3, "column": 19 } }
      },
      "3": {
        "name": "(anonymous_3)",
        "decl": { "start": { "line": 9, "column": 38 }, "end": { "line": 9, "column": 50 } },
        "loc": { "start": { "line": 9, "column": 38 }, "end": { "line": 3, "column": 68 } }
      },
      "4": {
        "name": "(anonymous_4)",
        "decl": { "start": { "line": 9, "column": 33 }, "end": { "line": 9, "column": 36 } },
        "loc": { "start": { "line": 9, "column": 33 }, "end": { "line": 4, "column": 39 } }
      }
    },
    "branchMap": {},
    "s": { "0": 1, "1": 23, "2": 1, "3": 12, "4": 1, "5": 7, "6": 2, "7": 1, "8": 7, "9": 1 },
    "f": { "0": 22, "1": 11, "2": 6, "3": 1, "4": 6 },
    "b": {}
  },
  "D:\\NODE\\PORTFOLIO-PROJECTS\\codes\\bookmark-manager-api\\src\\components\\tags\\tag.model.ts": {
    "path": "D:\\NODE\\PORTFOLIO-PROJECTS\\codes\\bookmark-manager-api\\src\\components\\tags\\tag.model.ts",
    "statementMap": {
      "0": { "start": { "line": 1, "column": 0 }, "end": { "line": 1, "column": null } },
      "1": { "start": { "line": 12, "column": 0 }, "end": { "line": 12, "column": 56 } },
      "2": { "start": { "line": 15, "column": 7 }, "end": { "line": 30, "column": null } },
      "3": { "start": { "line": 15, "column": 13 }, "end": { "line": 15, "column": 16 } },
      "4": { "start": { "line": 18, "column": 2 }, "end": { "line": 18, "column": null } },
      "5": { "start": { "line": 23, "column": 2 }, "end": { "line": 23, "column": null } },
      "6": { "start": { "line": 21, "column": 20 }, "end": { "line": 21, "column": 24 } },
      "7": { "start": { "line": 26, "column": 2 }, "end": { "line": 26, "column": null } },
      "8": { "start": { "line": 25, "column": 19 }, "end": { "line": 25, "column": 23 } },
      "9": { "start": { "line": 29, "column": 2 }, "end": { "line": 29, "column": null } },
      "10": { "start": { "line": 28, "column": 23 }, "end": { "line": 28, "column": 31 } },
      "11": { "start": { "line": 28, "column": 39 }, "end": { "line": 28, "column": 51 } },
      "12": { "start": { "line": 15, "column": 13 }, "end": { "line": 30, "column": null } }
    },
    "fnMap": {
      "0": {
        "name": "(anonymous_2)",
        "decl": { "start": { "line": 21, "column": 14 }, "end": { "line": 21, "column": 17 } },
        "loc": { "start": { "line": 21, "column": 20 }, "end": { "line": 21, "column": 24 } }
      },
      "1": {
        "name": "(anonymous_3)",
        "decl": { "start": { "line": 25, "column": 13 }, "end": { "line": 25, "column": 16 } },
        "loc": { "start": { "line": 25, "column": 19 }, "end": { "line": 25, "column": 23 } }
      },
      "2": {
        "name": "(anonymous_4)",
        "decl": { "start": { "line": 28, "column": 17 }, "end": { "line": 28, "column": 20 } },
        "loc": { "start": { "line": 28, "column": 23 }, "end": { "line": 28, "column": 31 } }
      },
      "3": {
        "name": "(anonymous_5)",
        "decl": { "start": { "line": 28, "column": 33 }, "end": { "line": 28, "column": 36 } },
        "loc": { "start": { "line": 28, "column": 39 }, "end": { "line": 28, "column": 51 } }
      }
    },
    "branchMap": {},
    "s": {
      "0": 1,
      "1": 1,
      "2": 1,
      "3": 1,
      "4": 1,
      "5": 1,
      "6": 2,
      "7": 1,
      "8": 2,
      "9": 1,
      "10": 2,
      "11": 1,
      "12": 1
    },
    "f": { "0": 2, "1": 2, "2": 2, "3": 1 },
    "b": {}
  },
  "D:\\NODE\\PORTFOLIO-PROJECTS\\codes\\bookmark-manager-api\\src\\components\\users\\user.controller.ts": {
    "path": "D:\\NODE\\PORTFOLIO-PROJECTS\\codes\\bookmark-manager-api\\src\\components\\users\\user.controller.ts",
    "statementMap": {
      "0": { "start": { "line": 3, "column": 0 }, "end": { "line": 3, "column": 58 } },
      "1": { "start": { "line": 4, "column": 0 }, "end": { "line": 4, "column": 59 } },
      "2": { "start": { "line": 5, "column": 0 }, "end": { "line": 5, "column": 53 } },
      "3": { "start": { "line": 7, "column": 0 }, "end": { "line": 7, "column": 44 } },
      "4": { "start": { "line": 9, "column": 26 }, "end": { "line": 17, "column": 1 } },
      "5": { "start": { "line": 10, "column": 2 }, "end": { "line": 16, "column": 3 } },
      "6": { "start": { "line": 11, "column": 16 }, "end": { "line": 11, "column": 35 } },
      "7": { "start": { "line": 12, "column": 17 }, "end": { "line": 12, "column": 50 } },
      "8": { "start": { "line": 13, "column": 4 }, "end": { "line": 13, "column": null } },
      "9": { "start": { "line": 15, "column": 4 }, "end": { "line": 15, "column": null } },
      "10": { "start": { "line": 9, "column": 13 }, "end": { "line": 9, "column": 26 } },
      "11": { "start": { "line": 19, "column": 27 }, "end": { "line": 27, "column": 1 } },
      "12": { "start": { "line": 20, "column": 2 }, "end": { "line": 26, "column": 3 } },
      "13": { "start": { "line": 21, "column": 45 }, "end": { "line": 21, "column": 75 } },
      "14": { "start": { "line": 22, "column": 17 }, "end": { "line": 22, "column": 76 } },
      "15": { "start": { "line": 23, "column": 4 }, "end": { "line": 23, "column": null } },
      "16": { "start": { "line": 25, "column": 4 }, "end": { "line": 25, "column": null } },
      "17": { "start": { "line": 19, "column": 13 }, "end": { "line": 19, "column": 27 } },
      "18": { "start": { "line": 29, "column": 29 }, "end": { "line": 38, "column": 1 } },
      "19": { "start": { "line": 30, "column": 2 }, "end": { "line": 37, "column": 3 } },
      "20": { "start": { "line": 31, "column": 16 }, "end": { "line": 31, "column": 35 } },
      "21": { "start": { "line": 32, "column": 17 }, "end": { "line": 32, "column": 62 } },
      "22": { "start": { "line": 34, "column": 4 }, "end": { "line": 34, "column": null } },
      "23": { "start": { "line": 36, "column": 4 }, "end": { "line": 36, "column": null } },
      "24": { "start": { "line": 29, "column": 13 }, "end": { "line": 29, "column": 29 } },
      "25": { "start": { "line": 40, "column": 29 }, "end": { "line": 48, "column": 1 } },
      "26": { "start": { "line": 41, "column": 2 }, "end": { "line": 47, "column": 3 } },
      "27": { "start": { "line": 42, "column": 15 }, "end": { "line": 42, "column": 38 } },
      "28": { "start": { "line": 43, "column": 4 }, "end": { "line": 43, "column": null } },
      "29": { "start": { "line": 44, "column": 4 }, "end": { "line": 44, "column": null } },
      "30": { "start": { "line": 46, "column": 4 }, "end": { "line": 46, "column": null } },
      "31": { "start": { "line": 40, "column": 13 }, "end": { "line": 40, "column": 29 } },
      "32": { "start": { "line": 50, "column": 30 }, "end": { "line": 59, "column": 1 } },
      "33": { "start": { "line": 51, "column": 2 }, "end": { "line": 58, "column": 3 } },
      "34": { "start": { "line": 52, "column": 16 }, "end": { "line": 52, "column": 35 } },
      "35": { "start": { "line": 53, "column": 45 }, "end": { "line": 53, "column": 53 } },
      "36": { "start": { "line": 54, "column": 4 }, "end": { "line": 54, "column": null } },
      "37": { "start": { "line": 55, "column": 4 }, "end": { "line": 55, "column": null } },
      "38": { "start": { "line": 57, "column": 4 }, "end": { "line": 57, "column": null } },
      "39": { "start": { "line": 50, "column": 13 }, "end": { "line": 50, "column": 30 } },
      "40": { "start": { "line": 61, "column": 28 }, "end": { "line": 73, "column": 1 } },
      "41": { "start": { "line": 62, "column": 2 }, "end": { "line": 72, "column": 3 } },
      "42": { "start": { "line": 63, "column": 20 }, "end": { "line": 63, "column": 39 } },
      "43": { "start": { "line": 64, "column": 17 }, "end": { "line": 64, "column": 25 } },
      "44": { "start": { "line": 66, "column": 4 }, "end": { "line": 66, "column": null } },
      "45": { "start": { "line": 66, "column": 15 }, "end": { "line": 66, "column": null } },
      "46": { "start": { "line": 68, "column": 24 }, "end": { "line": 68, "column": 77 } },
      "47": { "start": { "line": 69, "column": 4 }, "end": { "line": 69, "column": null } },
      "48": { "start": { "line": 71, "column": 4 }, "end": { "line": 71, "column": null } },
      "49": { "start": { "line": 61, "column": 13 }, "end": { "line": 61, "column": 28 } }
    },
    "fnMap": {
      "0": {
        "name": "(anonymous_0)",
        "decl": { "start": { "line": 9, "column": 26 }, "end": { "line": 9, "column": 31 } },
        "loc": { "start": { "line": 9, "column": 64 }, "end": { "line": 17, "column": 1 } }
      },
      "1": {
        "name": "(anonymous_1)",
        "decl": { "start": { "line": 19, "column": 27 }, "end": { "line": 19, "column": 32 } },
        "loc": { "start": { "line": 19, "column": 65 }, "end": { "line": 27, "column": 1 } }
      },
      "2": {
        "name": "(anonymous_2)",
        "decl": { "start": { "line": 29, "column": 29 }, "end": { "line": 29, "column": 34 } },
        "loc": { "start": { "line": 29, "column": 67 }, "end": { "line": 38, "column": 1 } }
      },
      "3": {
        "name": "(anonymous_3)",
        "decl": { "start": { "line": 40, "column": 29 }, "end": { "line": 40, "column": 34 } },
        "loc": { "start": { "line": 40, "column": 67 }, "end": { "line": 48, "column": 1 } }
      },
      "4": {
        "name": "(anonymous_4)",
        "decl": { "start": { "line": 50, "column": 30 }, "end": { "line": 50, "column": 35 } },
        "loc": { "start": { "line": 50, "column": 68 }, "end": { "line": 59, "column": 1 } }
      },
      "5": {
        "name": "(anonymous_5)",
        "decl": { "start": { "line": 61, "column": 28 }, "end": { "line": 61, "column": 33 } },
        "loc": { "start": { "line": 61, "column": 66 }, "end": { "line": 73, "column": 1 } }
      }
    },
    "branchMap": {
      "0": {
        "loc": { "start": { "line": 66, "column": 4 }, "end": { "line": 66, "column": null } },
        "type": "if",
        "locations": [
          { "start": { "line": 66, "column": 4 }, "end": { "line": 66, "column": null } },
          { "start": {}, "end": {} }
        ]
      }
    },
    "s": {
      "0": 1,
      "1": 1,
      "2": 1,
      "3": 1,
      "4": 1,
      "5": 0,
      "6": 0,
      "7": 0,
      "8": 0,
      "9": 0,
      "10": 1,
      "11": 1,
      "12": 0,
      "13": 0,
      "14": 0,
      "15": 0,
      "16": 0,
      "17": 1,
      "18": 1,
      "19": 0,
      "20": 0,
      "21": 0,
      "22": 0,
      "23": 0,
      "24": 1,
      "25": 1,
      "26": 0,
      "27": 0,
      "28": 0,
      "29": 0,
      "30": 0,
      "31": 1,
      "32": 1,
      "33": 0,
      "34": 0,
      "35": 0,
      "36": 0,
      "37": 0,
      "38": 0,
      "39": 1,
      "40": 1,
      "41": 0,
      "42": 0,
      "43": 0,
      "44": 0,
      "45": 0,
      "46": 0,
      "47": 0,
      "48": 0,
      "49": 1
    },
    "f": { "0": 0, "1": 0, "2": 0, "3": 0, "4": 0, "5": 0 },
    "b": { "0": [0, 0] }
  },
  "D:\\NODE\\PORTFOLIO-PROJECTS\\codes\\bookmark-manager-api\\src\\components\\users\\user.model.ts": {
    "path": "D:\\NODE\\PORTFOLIO-PROJECTS\\codes\\bookmark-manager-api\\src\\components\\users\\user.model.ts",
    "statementMap": {
      "0": { "start": { "line": 1, "column": 0 }, "end": { "line": 1, "column": null } },
      "1": { "start": { "line": 12, "column": 0 }, "end": { "line": 12, "column": 49 } },
      "2": { "start": { "line": 26, "column": 7 }, "end": { "line": 61, "column": null } },
      "3": { "start": { "line": 26, "column": 13 }, "end": { "line": 26, "column": 17 } },
      "4": { "start": { "line": 30, "column": 2 }, "end": { "line": 30, "column": null } },
      "5": { "start": { "line": 35, "column": 2 }, "end": { "line": 35, "column": null } },
      "6": { "start": { "line": 39, "column": 2 }, "end": { "line": 39, "column": null } },
      "7": { "start": { "line": 43, "column": 2 }, "end": { "line": 43, "column": null } },
      "8": { "start": { "line": 47, "column": 2 }, "end": { "line": 47, "column": null } },
      "9": { "start": { "line": 51, "column": 2 }, "end": { "line": 51, "column": null } },
      "10": { "start": { "line": 54, "column": 2 }, "end": { "line": 54, "column": null } },
      "11": { "start": { "line": 53, "column": 17 }, "end": { "line": 53, "column": 23 } },
      "12": { "start": { "line": 57, "column": 2 }, "end": { "line": 57, "column": null } },
      "13": { "start": { "line": 56, "column": 17 }, "end": { "line": 56, "column": 25 } },
      "14": { "start": { "line": 60, "column": 2 }, "end": { "line": 60, "column": null } },
      "15": { "start": { "line": 59, "column": 17 }, "end": { "line": 59, "column": 20 } },
      "16": { "start": { "line": 26, "column": 13 }, "end": { "line": 61, "column": null } }
    },
    "fnMap": {
      "0": {
        "name": "(anonymous_2)",
        "decl": { "start": { "line": 53, "column": 11 }, "end": { "line": 53, "column": 14 } },
        "loc": { "start": { "line": 53, "column": 17 }, "end": { "line": 53, "column": 23 } }
      },
      "1": {
        "name": "(anonymous_3)",
        "decl": { "start": { "line": 56, "column": 11 }, "end": { "line": 56, "column": 14 } },
        "loc": { "start": { "line": 56, "column": 17 }, "end": { "line": 56, "column": 25 } }
      },
      "2": {
        "name": "(anonymous_4)",
        "decl": { "start": { "line": 59, "column": 11 }, "end": { "line": 59, "column": 14 } },
        "loc": { "start": { "line": 59, "column": 17 }, "end": { "line": 59, "column": 20 } }
      }
    },
    "branchMap": {},
    "s": {
      "0": 1,
      "1": 1,
      "2": 1,
      "3": 1,
      "4": 1,
      "5": 1,
      "6": 1,
      "7": 1,
      "8": 1,
      "9": 1,
      "10": 1,
      "11": 2,
      "12": 1,
      "13": 2,
      "14": 1,
      "15": 2,
      "16": 1
    },
    "f": { "0": 2, "1": 2, "2": 2 },
    "b": {}
  },
  "D:\\NODE\\PORTFOLIO-PROJECTS\\codes\\bookmark-manager-api\\src\\components\\users\\user.repository.ts": {
    "path": "D:\\NODE\\PORTFOLIO-PROJECTS\\codes\\bookmark-manager-api\\src\\components\\users\\user.repository.ts",
    "statementMap": {
      "0": { "start": { "line": 1, "column": 0 }, "end": { "line": 1, "column": 30 } },
      "1": { "start": { "line": 3, "column": 0 }, "end": { "line": 3, "column": 35 } },
      "2": { "start": { "line": 7, "column": 4 }, "end": { "line": 7, "column": null } },
      "3": { "start": { "line": 11, "column": 4 }, "end": { "line": 11, "column": null } },
      "4": { "start": { "line": 15, "column": 4 }, "end": { "line": 15, "column": null } },
      "5": { "start": { "line": 19, "column": 4 }, "end": { "line": 19, "column": null } },
      "6": { "start": { "line": 27, "column": 23 }, "end": { "line": 27, "column": 25 } },
      "7": { "start": { "line": 28, "column": 4 }, "end": { "line": 28, "column": null } },
      "8": { "start": { "line": 28, "column": 26 }, "end": { "line": 28, "column": null } },
      "9": { "start": { "line": 29, "column": 4 }, "end": { "line": 29, "column": null } },
      "10": { "start": { "line": 29, "column": 25 }, "end": { "line": 29, "column": null } },
      "11": { "start": { "line": 31, "column": 28 }, "end": { "line": 36, "column": 6 } },
      "12": { "start": { "line": 37, "column": 4 }, "end": { "line": 37, "column": null } },
      "13": { "start": { "line": 41, "column": 17 }, "end": { "line": 41, "column": 44 } },
      "14": { "start": { "line": 42, "column": 4 }, "end": { "line": 42, "column": null } },
      "15": { "start": { "line": 42, "column": 15 }, "end": { "line": 42, "column": null } },
      "16": { "start": { "line": 43, "column": 4 }, "end": { "line": 43, "column": null } },
      "17": { "start": { "line": 5, "column": 0 }, "end": { "line": 5, "column": 13 } }
    },
    "fnMap": {
      "0": {
        "name": "(anonymous_0)",
        "decl": { "start": { "line": 6, "column": 2 }, "end": { "line": 6, "column": 8 } },
        "loc": { "start": { "line": 6, "column": 38 }, "end": { "line": 8, "column": 3 } }
      },
      "1": {
        "name": "(anonymous_1)",
        "decl": { "start": { "line": 10, "column": 2 }, "end": { "line": 10, "column": 8 } },
        "loc": { "start": { "line": 10, "column": 35 }, "end": { "line": 12, "column": 3 } }
      },
      "2": {
        "name": "(anonymous_2)",
        "decl": { "start": { "line": 14, "column": 2 }, "end": { "line": 14, "column": 8 } },
        "loc": { "start": { "line": 14, "column": 44 }, "end": { "line": 16, "column": 3 } }
      },
      "3": {
        "name": "(anonymous_3)",
        "decl": { "start": { "line": 18, "column": 2 }, "end": { "line": 18, "column": 8 } },
        "loc": { "start": { "line": 18, "column": 50 }, "end": { "line": 20, "column": 3 } }
      },
      "4": {
        "name": "(anonymous_4)",
        "decl": { "start": { "line": 22, "column": 2 }, "end": { "line": 22, "column": 8 } },
        "loc": { "start": { "line": 25, "column": 52 }, "end": { "line": 38, "column": 3 } }
      },
      "5": {
        "name": "(anonymous_5)",
        "decl": { "start": { "line": 40, "column": 2 }, "end": { "line": 40, "column": 8 } },
        "loc": { "start": { "line": 40, "column": 67 }, "end": { "line": 44, "column": 3 } }
      }
    },
    "branchMap": {
      "0": {
        "loc": { "start": { "line": 28, "column": 4 }, "end": { "line": 28, "column": null } },
        "type": "if",
        "locations": [
          { "start": { "line": 28, "column": 4 }, "end": { "line": 28, "column": null } },
          { "start": {}, "end": {} }
        ]
      },
      "1": {
        "loc": { "start": { "line": 29, "column": 4 }, "end": { "line": 29, "column": null } },
        "type": "if",
        "locations": [
          { "start": { "line": 29, "column": 4 }, "end": { "line": 29, "column": null } },
          { "start": {}, "end": {} }
        ]
      },
      "2": {
        "loc": { "start": { "line": 42, "column": 4 }, "end": { "line": 42, "column": null } },
        "type": "if",
        "locations": [
[...]
        "decl": { "start": { "line": 9, "column": 21 }, "end": { "line": 9, "column": 22 } },
        "loc": { "start": { "line": 9, "column": 68 }, "end": { "line": 17, "column": 1 } }
      }
    },
    "branchMap": {
      "0": {
        "loc": { "start": { "line": 10, "column": 2 }, "end": { "line": 12, "column": 3 } },
        "type": "if",
        "locations": [
          { "start": { "line": 10, "column": 2 }, "end": { "line": 12, "column": 3 } },
          { "start": {}, "end": {} }
        ]
      }
    },
    "s": { "0": 1, "1": 1, "2": 1, "3": 1, "4": 1, "5": 0, "6": 0, "7": 0, "8": 0, "9": 1 },
    "f": { "0": 0 },
    "b": { "0": [0, 0] }
  },
  "D:\\NODE\\PORTFOLIO-PROJECTS\\codes\\bookmark-manager-api\\src\\middleware\\errorNotFound.middleware.ts": {
    "path": "D:\\NODE\\PORTFOLIO-PROJECTS\\codes\\bookmark-manager-api\\src\\middleware\\errorNotFound.middleware.ts",
    "statementMap": {
      "0": { "start": { "line": 5, "column": 0 }, "end": { "line": 5, "column": 16 } },
      "1": { "start": { "line": 3, "column": 0 }, "end": { "line": 3, "column": 46 } },
      "2": { "start": { "line": 6, "column": 2 }, "end": { "line": 6, "column": null } }
    },
    "fnMap": {
      "0": {
        "name": "notFoundHandler",
        "decl": { "start": { "line": 5, "column": 16 }, "end": { "line": 5, "column": 31 } },
        "loc": { "start": { "line": 5, "column": 59 }, "end": { "line": 7, "column": 1 } }
      }
    },
    "branchMap": {},
    "s": { "0": 1, "1": 1, "2": 0 },
    "f": { "0": 0 },
    "b": {}
  },
  "D:\\NODE\\PORTFOLIO-PROJECTS\\codes\\bookmark-manager-api\\src\\middleware\\requireRole.middleware.ts": {
    "path": "D:\\NODE\\PORTFOLIO-PROJECTS\\codes\\bookmark-manager-api\\src\\middleware\\requireRole.middleware.ts",
    "statementMap": {
      "0": { "start": { "line": 5, "column": 0 }, "end": { "line": 5, "column": 16 } },
      "1": { "start": { "line": 3, "column": 0 }, "end": { "line": 3, "column": 46 } },
      "2": { "start": { "line": 6, "column": 2 }, "end": { "line": 12, "column": null } },
      "3": { "start": { "line": 7, "column": 18 }, "end": { "line": 7, "column": 34 } },
      "4": { "start": { "line": 8, "column": 4 }, "end": { "line": 10, "column": 5 } },
      "5": { "start": { "line": 9, "column": 6 }, "end": { "line": 9, "column": null } },
      "6": { "start": { "line": 11, "column": 4 }, "end": { "line": 11, "column": null } }
    },
    "fnMap": {
      "0": {
        "name": "authorizeRole",
        "decl": { "start": { "line": 5, "column": 16 }, "end": { "line": 5, "column": 29 } },
        "loc": { "start": { "line": 5, "column": 55 }, "end": { "line": 13, "column": 1 } }
      },
      "1": {
        "name": "(anonymous_1)",
        "decl": { "start": { "line": 6, "column": 9 }, "end": { "line": 6, "column": 10 } },
        "loc": { "start": { "line": 6, "column": 61 }, "end": { "line": 12, "column": 3 } }
      }
    },
    "branchMap": {
      "0": {
        "loc": { "start": { "line": 8, "column": 4 }, "end": { "line": 10, "column": 5 } },
        "type": "if",
        "locations": [
          { "start": { "line": 8, "column": 4 }, "end": { "line": 10, "column": 5 } },
          { "start": {}, "end": {} }
        ]
      },
      "1": {
        "loc": { "start": { "line": 8, "column": 8 }, "end": { "line": 8, "column": 50 } },
        "type": "binary-expr",
        "locations": [
          { "start": { "line": 8, "column": 8 }, "end": { "line": 8, "column": 13 } },
          { "start": { "line": 8, "column": 17 }, "end": { "line": 8, "column": 50 } }
        ]
      }
    },
    "s": { "0": 1, "1": 1, "2": 2, "3": 0, "4": 0, "5": 0, "6": 0 },
    "f": { "0": 2, "1": 0 },
    "b": { "0": [0, 0], "1": [0, 0] }
  },
  "D:\\NODE\\PORTFOLIO-PROJECTS\\codes\\bookmark-manager-api\\src\\middleware\\uploads.middleware.ts": {
    "path": "D:\\NODE\\PORTFOLIO-PROJECTS\\codes\\bookmark-manager-api\\src\\middleware\\uploads.middleware.ts",
    "statementMap": {
      "0": { "start": { "line": 1, "column": 0 }, "end": { "line": 1, "column": 23 } },
      "1": { "start": { "line": 2, "column": 0 }, "end": { "line": 2, "column": 19 } },
      "2": { "start": { "line": 4, "column": 0 }, "end": { "line": 4, "column": 27 } },
      "3": { "start": { "line": 6, "column": 0 }, "end": { "line": 6, "column": 50 } },
      "4": { "start": { "line": 9, "column": 18 }, "end": { "line": 9, "column": 41 } },
      "5": { "start": { "line": 10, "column": 0 }, "end": { "line": 12, "column": 1 } },
      "6": { "start": { "line": 11, "column": 2 }, "end": { "line": 11, "column": null } },
      "7": { "start": { "line": 14, "column": 16 }, "end": { "line": 22, "column": 2 } },
      "8": { "start": { "line": 16, "column": 4 }, "end": { "line": 16, "column": null } },
      "9": { "start": { "line": 19, "column": 23 }, "end": { "line": 19, "column": 59 } },
      "10": { "start": { "line": 20, "column": 4 }, "end": { "line": 20, "column": null } },
      "11": { "start": { "line": 24, "column": 13 }, "end": { "line": 32, "column": null } },
      "12": { "start": { "line": 28, "column": 25 }, "end": { "line": 28, "column": 66 } },
      "13": { "start": { "line": 29, "column": 4 }, "end": { "line": 30, "column": null } },
      "14": { "start": { "line": 29, "column": 46 }, "end": { "line": 29, "column": null } },
      "15": { "start": { "line": 30, "column": 9 }, "end": { "line": 30, "column": null } }
    },
    "fnMap": {
      "0": {
        "name": "(anonymous_1)",
        "decl": { "start": { "line": 15, "column": 15 }, "end": { "line": 15, "column": 16 } },
        "loc": { "start": { "line": 15, "column": 35 }, "end": { "line": 17, "column": 3 } }
      },
      "1": {
        "name": "(anonymous_2)",
        "decl": { "start": { "line": 18, "column": 12 }, "end": { "line": 18, "column": 13 } },
        "loc": { "start": { "line": 18, "column": 31 }, "end": { "line": 21, "column": 3 } }
      },
      "2": {
        "name": "(anonymous_3)",
        "decl": { "start": { "line": 27, "column": 14 }, "end": { "line": 27, "column": 15 } },
        "loc": { "start": { "line": 27, "column": 33 }, "end": { "line": 31, "column": 3 } }
      }
    },
    "branchMap": {
      "0": {
        "loc": { "start": { "line": 10, "column": 0 }, "end": { "line": 12, "column": 1 } },
        "type": "if",
        "locations": [
          { "start": { "line": 10, "column": 0 }, "end": { "line": 12, "column": 1 } },
          { "start": {}, "end": {} }
        ]
      },
      "1": {
        "loc": { "start": { "line": 29, "column": 4 }, "end": { "line": 30, "column": null } },
        "type": "if",
        "locations": [
          { "start": { "line": 29, "column": 4 }, "end": { "line": 30, "column": null } },
          { "start": { "line": 30, "column": 9 }, "end": { "line": 30, "column": null } }
        ]
      }
    },
    "s": {
      "0": 1,
      "1": 1,
      "2": 1,
      "3": 1,
      "4": 1,
      "5": 1,
      "6": 0,
      "7": 1,
      "8": 0,
      "9": 0,
      "10": 0,
      "11": 1,
      "12": 0,
      "13": 0,
      "14": 0,
      "15": 0
    },
    "f": { "0": 0, "1": 0, "2": 0 },
    "b": { "0": [0, 1], "1": [0, 0] }
  },
  "D:\\NODE\\PORTFOLIO-PROJECTS\\codes\\bookmark-manager-api\\src\\middleware\\validate.middleware.ts": {
    "path": "D:\\NODE\\PORTFOLIO-PROJECTS\\codes\\bookmark-manager-api\\src\\middleware\\validate.middleware.ts",
    "statementMap": {
      "0": { "start": { "line": 4, "column": 0 }, "end": { "line": 4, "column": 46 } },
      "1": { "start": { "line": 6, "column": 24 }, "end": { "line": 15, "column": 1 } },
      "2": { "start": { "line": 7, "column": 2 }, "end": { "line": 14, "column": null } },
      "3": { "start": { "line": 8, "column": 19 }, "end": { "line": 8, "column": 45 } },
      "4": { "start": { "line": 9, "column": 4 }, "end": { "line": 11, "column": 5 } },
      "5": { "start": { "line": 10, "column": 6 }, "end": { "line": 10, "column": null } },
      "6": { "start": { "line": 12, "column": 4 }, "end": { "line": 12, "column": null } },
      "7": { "start": { "line": 13, "column": 4 }, "end": { "line": 13, "column": null } },
      "8": { "start": { "line": 6, "column": 13 }, "end": { "line": 6, "column": 24 } }
    },
    "fnMap": {
      "0": {
        "name": "(anonymous_0)",
        "decl": { "start": { "line": 6, "column": 24 }, "end": { "line": 6, "column": 25 } },
        "loc": { "start": { "line": 6, "column": 67 }, "end": { "line": 15, "column": 1 } }
      },
      "1": {
        "name": "(anonymous_1)",
        "decl": { "start": { "line": 7, "column": 9 }, "end": { "line": 7, "column": 10 } },
        "loc": { "start": { "line": 7, "column": 28 }, "end": { "line": 14, "column": 3 } }
      }
    },
    "branchMap": {
      "0": {
        "loc": { "start": { "line": 9, "column": 4 }, "end": { "line": 11, "column": 5 } },
        "type": "if",
        "locations": [
          { "start": { "line": 9, "column": 4 }, "end": { "line": 11, "column": 5 } },
          { "start": {}, "end": {} }
        ]
      }
    },
    "s": { "0": 1, "1": 1, "2": 8, "3": 10, "4": 10, "5": 3, "6": 10, "7": 10, "8": 1 },
    "f": { "0": 8, "1": 10 },
    "b": { "0": [3, 7] }
  },
  "D:\\NODE\\PORTFOLIO-PROJECTS\\codes\\bookmark-manager-api\\src\\utils\\app-error.util.ts": {
    "path": "D:\\NODE\\PORTFOLIO-PROJECTS\\codes\\bookmark-manager-api\\src\\utils\\app-error.util.ts",
    "statementMap": {
      "0": { "start": { "line": 7, "column": 4 }, "end": { "line": 7, "column": null } },
      "1": { "start": { "line": 8, "column": 4 }, "end": { "line": 8, "column": null } },
      "2": { "start": { "line": 9, "column": 4 }, "end": { "line": 9, "column": null } },
      "3": { "start": { "line": 10, "column": 4 }, "end": { "line": 10, "column": null } },
      "4": { "start": { "line": 12, "column": 4 }, "end": { "line": 12, "column": null } },
      "5": { "start": { "line": 1, "column": 0 }, "end": { "line": 1, "column": 13 } }
    },
    "fnMap": {
      "0": {
        "name": "(anonymous_0)",
        "decl": { "start": { "line": 6, "column": 2 }, "end": { "line": 6, "column": 14 } },
        "loc": { "start": { "line": 6, "column": 82 }, "end": { "line": 13, "column": 3 } }
      }
    },
    "branchMap": {
      "0": {
        "loc": { "start": { "line": 6, "column": 31 }, "end": { "line": 6, "column": 47 } },
        "type": "default-arg",
        "locations": [{ "start": { "line": 6, "column": 44 }, "end": { "line": 6, "column": 47 } }]
      },
      "1": {
        "loc": { "start": { "line": 6, "column": 49 }, "end": { "line": 6, "column": 69 } },
        "type": "default-arg",
        "locations": [{ "start": { "line": 6, "column": 65 }, "end": { "line": 6, "column": 69 } }]
      },
      "2": {
        "loc": { "start": { "line": 6, "column": 71 }, "end": { "line": 6, "column": 82 } },
        "type": "default-arg",
        "locations": [{ "start": { "line": 6, "column": 80 }, "end": { "line": 6, "column": 82 } }]
      }
    },
    "s": { "0": 0, "1": 0, "2": 0, "3": 0, "4": 0, "5": 1 },
    "f": { "0": 0 },
    "b": { "0": [0], "1": [0], "2": [0] }
  },
  "D:\\NODE\\PORTFOLIO-PROJECTS\\codes\\bookmark-manager-api\\src\\utils\\jwt.util.ts": {
    "path": "D:\\NODE\\PORTFOLIO-PROJECTS\\codes\\bookmark-manager-api\\src\\utils\\jwt.util.ts",
    "statementMap": {
      "0": { "start": { "line": 13, "column": 0 }, "end": { "line": 13, "column": 16 } },
      "1": { "start": { "line": 17, "column": 0 }, "end": { "line": 17, "column": 16 } },
      "2": { "start": { "line": 21, "column": 0 }, "end": { "line": 21, "column": 16 } },
      "3": { "start": { "line": 25, "column": 0 }, "end": { "line": 25, "column": 16 } },
      "4": { "start": { "line": 1, "column": 0 }, "end": { "line": 1, "column": 30 } },
      "5": { "start": { "line": 4, "column": 2 }, "end": { "line": 5, "column": 68 } },
      "6": { "start": { "line": 7, "column": 2 }, "end": { "line": 8, "column": 68 } },
      "7": { "start": { "line": 10, "column": 32 }, "end": { "line": 10, "column": 36 } },
      "8": { "start": { "line": 11, "column": 33 }, "end": { "line": 11, "column": 37 } },
      "9": { "start": { "line": 14, "column": 2 }, "end": { "line": 14, "column": null } },
      "10": { "start": { "line": 18, "column": 2 }, "end": { "line": 18, "column": null } },
      "11": { "start": { "line": 22, "column": 2 }, "end": { "line": 22, "column": null } },
      "12": { "start": { "line": 26, "column": 2 }, "end": { "line": 26, "column": null } }
    },
    "fnMap": {
      "0": {
        "name": "signAccessToken",
        "decl": { "start": { "line": 13, "column": 16 }, "end": { "line": 13, "column": 31 } },
        "loc": { "start": { "line": 13, "column": 47 }, "end": { "line": 15, "column": 1 } }
      },
      "1": {
        "name": "signRefreshToken",
        "decl": { "start": { "line": 17, "column": 16 }, "end": { "line": 17, "column": 32 } },
        "loc": { "start": { "line": 17, "column": 48 }, "end": { "line": 19, "column": 1 } }
      },
      "2": {
        "name": "verifyAccessToken",
        "decl": { "start": { "line": 21, "column": 16 }, "end": { "line": 21, "column": 33 } },
        "loc": { "start": { "line": 21, "column": 47 }, "end": { "line": 23, "column": 1 } }
      },
      "3": {
        "name": "verifyRefreshToken",
        "decl": { "start": { "line": 25, "column": 16 }, "end": { "line": 25, "column": 34 } },
        "loc": { "start": { "line": 25, "column": 48 }, "end": { "line": 27, "column": 1 } }
      }
    },
    "branchMap": {
      "0": {
        "loc": { "start": { "line": 4, "column": 2 }, "end": { "line": 5, "column": 68 } },
        "type": "binary-expr",
        "locations": [
          { "start": { "line": 4, "column": 2 }, "end": { "line": 4, "column": 33 } },
          { "start": { "line": 5, "column": 2 }, "end": { "line": 5, "column": 68 } }
        ]
      },
      "1": {
        "loc": { "start": { "line": 7, "column": 2 }, "end": { "line": 8, "column": 68 } },
        "type": "binary-expr",
        "locations": [
          { "start": { "line": 7, "column": 2 }, "end": { "line": 7, "column": 33 } },
          { "start": { "line": 8, "column": 2 }, "end": { "line": 8, "column": 68 } }
        ]
      }
    },
    "s": {
      "0": 1,
      "1": 1,
      "2": 1,
      "3": 1,
      "4": 1,
      "5": 1,
      "6": 1,
      "7": 1,
      "8": 1,
      "9": 9,
      "10": 8,
      "11": 0,
      "12": 1
    },
    "f": { "0": 9, "1": 8, "2": 0, "3": 1 },
    "b": { "0": [1, 0], "1": [1, 0] }
  },
  "D:\\NODE\\PORTFOLIO-PROJECTS\\codes\\bookmark-manager-api\\src\\utils\\pagination.util.ts": {
    "path": "D:\\NODE\\PORTFOLIO-PROJECTS\\codes\\bookmark-manager-api\\src\\utils\\pagination.util.ts",
    "statementMap": {
      "0": { "start": { "line": 1, "column": 29 }, "end": { "line": 10, "column": 1 } },
      "1": { "start": { "line": 2, "column": 34 }, "end": { "line": 2, "column": 39 } },
      "2": { "start": { "line": 3, "column": 2 }, "end": { "line": 3, "column": null } },
      "3": { "start": { "line": 4, "column": 2 }, "end": { "line": 4, "column": null } },
      "4": { "start": { "line": 7, "column": 17 }, "end": { "line": 7, "column": 35 } },
      "5": { "start": { "line": 9, "column": 2 }, "end": { "line": 9, "column": null } },
      "6": { "start": { "line": 1, "column": 13 }, "end": { "line": 1, "column": 29 } }
    },
    "fnMap": {
      "0": {
        "name": "(anonymous_0)",
        "decl": { "start": { "line": 1, "column": 29 }, "end": { "line": 1, "column": 34 } },
        "loc": { "start": { "line": 1, "column": 50 }, "end": { "line": 10, "column": 1 } }
      }
    },
    "branchMap": {
      "0": {
        "loc": { "start": { "line": 3, "column": 18 }, "end": { "line": 3, "column": 41 } },
        "type": "binary-expr",
        "locations": [
          { "start": { "line": 3, "column": 18 }, "end": { "line": 3, "column": 36 } },
          { "start": { "line": 3, "column": 40 }, "end": { "line": 3, "column": 41 } }
        ]
      },
      "1": {
        "loc": { "start": { "line": 4, "column": 19 }, "end": { "line": 4, "column": 44 } },
        "type": "binary-expr",
        "locations": [
          { "start": { "line": 4, "column": 19 }, "end": { "line": 4, "column": 38 } },
          { "start": { "line": 4, "column": 42 }, "end": { "line": 4, "column": 44 } }
        ]
      }
    },
    "s": { "0": 1, "1": 0, "2": 0, "3": 0, "4": 0, "5": 0, "6": 1 },
    "f": { "0": 0 },
    "b": { "0": [0, 0], "1": [0, 0] }
  },
  "D:\\NODE\\PORTFOLIO-PROJECTS\\codes\\bookmark-manager-api\\src\\utils\\response.util.ts": {
    "path": "D:\\NODE\\PORTFOLIO-PROJECTS\\codes\\bookmark-manager-api\\src\\utils\\response.util.ts",
    "statementMap": {
      "0": { "start": { "line": 3, "column": 23 }, "end": { "line": 22, "column": 1 } },
      "1": { "start": { "line": 10, "column": 2 }, "end": { "line": 14, "column": 3 } },
      "2": { "start": { "line": 11, "column": 64 }, "end": { "line": 11, "column": 68 } },
      "3": { "start": { "line": 12, "column": 4 }, "end": { "line": 12, "column": null } },
      "4": { "start": { "line": 13, "column": 4 }, "end": { "line": 13, "column": null } },
      "5": { "start": { "line": 15, "column": 2 }, "end": { "line": 21, "column": null } },
      "6": { "start": { "line": 3, "column": 13 }, "end": { "line": 3, "column": 23 } },
      "7": { "start": { "line": 24, "column": 21 }, "end": { "line": 33, "column": 1 } },
      "8": { "start": { "line": 25, "column": 2 }, "end": { "line": 25, "column": null } },
      "9": { "start": { "line": 26, "column": 2 }, "end": { "line": 32, "column": null } },
      "10": { "start": { "line": 24, "column": 13 }, "end": { "line": 24, "column": 21 } }
    },
    "fnMap": {
      "0": {
        "name": "(anonymous_0)",
        "decl": { "start": { "line": 3, "column": 23 }, "end": { "line": 3, "column": null } },
        "loc": { "start": { "line": 9, "column": 4 }, "end": { "line": 22, "column": 1 } }
      },
      "1": {
        "name": "(anonymous_1)",
        "decl": { "start": { "line": 24, "column": 21 }, "end": { "line": 24, "column": 22 } },
        "loc": { "start": { "line": 24, "column": 94 }, "end": { "line": 33, "column": 1 } }
      }
    },
    "branchMap": {
      "0": {
        "loc": { "start": { "line": 7, "column": 2 }, "end": { "line": 7, "column": 43 } },
        "type": "default-arg",
        "locations": [{ "start": { "line": 7, "column": 20 }, "end": { "line": 7, "column": 43 } }]
      },
      "1": {
        "loc": { "start": { "line": 8, "column": 2 }, "end": { "line": 8, "column": 16 } },
        "type": "default-arg",
        "locations": [{ "start": { "line": 8, "column": 14 }, "end": { "line": 8, "column": 16 } }]
      },
      "2": {
        "loc": { "start": { "line": 10, "column": 2 }, "end": { "line": 14, "column": 3 } },
        "type": "if",
        "locations": [
          { "start": { "line": 10, "column": 2 }, "end": { "line": 14, "column": 3 } },
          { "start": {}, "end": {} }
        ]
      },
      "3": {
        "loc": { "start": { "line": 24, "column": 74 }, "end": { "line": 24, "column": 90 } },
        "type": "default-arg",
        "locations": [
          { "start": { "line": 24, "column": 88 }, "end": { "line": 24, "column": 90 } }
        ]
      },
      "4": {
        "loc": { "start": { "line": 25, "column": 15 }, "end": { "line": 25, "column": 32 } },
        "type": "binary-expr",
        "locations": [
          { "start": { "line": 25, "column": 15 }, "end": { "line": 25, "column": 25 } },
          { "start": { "line": 25, "column": 29 }, "end": { "line": 25, "column": 32 } }
        ]
      }
    },
    "s": {
      "0": 1,
      "1": 8,
      "2": 0,
      "3": 0,
      "4": 0,
      "5": 8,
      "6": 1,
      "7": 1,
      "8": 6,
      "9": 6,
      "10": 1
    },
    "f": { "0": 8, "1": 6 },
    "b": { "0": [0], "1": [8], "2": [0, 8], "3": [3], "4": [6, 3] }
  }
}
