TN:
SF:src\components\auth\auth.controller.ts
FN:8,register
FN:26,login
FN:47,refreshToken
FNF:3
FNH:3
FNDA:11,register
FNDA:3,login
FNDA:1,refreshToken
DA:3,5
DA:4,5
DA:6,5
DA:8,5
DA:9,11
DA:10,11
DA:11,11
DA:12,11
DA:13,7
DA:20,7
DA:22,4
DA:26,5
DA:27,3
DA:28,3
DA:29,3
DA:34,1
DA:41,1
DA:43,2
DA:47,5
DA:48,1
DA:49,1
DA:50,1
DA:51,1
DA:53,1
DA:55,0
LF:25
LH:24
BRDA:10,0,0,11
BRDA:10,0,1,9
BRDA:50,1,0,0
BRDA:50,1,1,1
BRF:4
BRH:3
end_of_record
TN:
SF:src\components\auth\auth.route.ts
FNF:0
FNH:0
DA:1,5
DA:3,5
DA:5,5
DA:6,5
DA:8,5
DA:10,5
DA:11,5
DA:12,5
DA:14,5
LF:9
LH:9
BRF:0
BRH:0
end_of_record
TN:
SF:src\components\auth\auth.schema.ts
FNF:0
FNH:0
DA:1,5
DA:3,5
DA:9,5
LF:3
LH:3
BRF:0
BRH:0
end_of_record
TN:
SF:src\components\auth\auth.service.ts
FN:7,(anonymous_0)
FN:36,(anonymous_1)
FN:52,(anonymous_2)
FNF:3
FNH:3
FNDA:11,(anonymous_0)
FNDA:1,(anonymous_1)
FNDA:1,(anonymous_2)
DA:1,5
DA:2,5
DA:3,5
DA:4,5
DA:6,5
DA:13,11
DA:14,10
DA:16,7
DA:17,7
DA:19,7
DA:20,7
DA:27,7
DA:28,7
DA:31,7
DA:33,7
DA:37,1
DA:38,1
DA:40,1
DA:41,1
DA:43,1
DA:44,1
DA:47,1
DA:49,1
DA:53,1
DA:54,1
DA:55,1
DA:56,1
DA:58,0
LF:28
LH:27
BRDA:14,0,0,3
BRDA:14,0,1,7
BRDA:17,1,0,0
BRDA:17,1,1,7
BRDA:38,2,0,0
BRDA:38,2,1,1
BRDA:41,3,0,0
BRDA:41,3,1,1
BRF:8
BRH:5
end_of_record
TN:
SF:src\components\bookmarks\bookmark.controller.ts
FN:9,(anonymous_0)
FN:22,(anonymous_1)
FN:35,(anonymous_2)
FN:45,(anonymous_3)
FN:56,(anonymous_4)
FN:67,(anonymous_5)
FN:79,(anonymous_6)
FN:90,(anonymous_7)
FNF:8
FNH:7
FNDA:1,(anonymous_0)
FNDA:1,(anonymous_1)
FNDA:1,(anonymous_2)
FNDA:1,(anonymous_3)
FNDA:1,(anonymous_4)
FNDA:1,(anonymous_5)
FNDA:0,(anonymous_6)
FNDA:1,(anonymous_7)
DA:3,5
DA:4,5
DA:5,5
DA:7,5
DA:9,5
DA:10,1
DA:11,1
DA:12,1
DA:14,1
DA:15,1
DA:17,0
DA:22,5
DA:23,1
DA:24,1
DA:25,1
DA:27,1
DA:28,1
DA:30,0
DA:35,5
DA:36,1
DA:37,1
DA:38,1
DA:39,1
DA:41,0
DA:45,5
DA:46,1
DA:47,1
DA:48,1
DA:49,1
DA:51,0
DA:56,5
DA:57,1
DA:58,1
DA:59,1
DA:60,1
DA:62,0
DA:67,5
DA:68,1
DA:69,1
DA:70,1
DA:72,1
DA:73,1
DA:75,0
DA:79,5
DA:80,0
DA:81,0
DA:82,0
DA:83,0
DA:84,0
DA:86,0
DA:90,5
DA:91,1
DA:92,1
DA:93,1
DA:94,1
DA:96,0
LF:56
LH:43
BRDA:14,0,0,0
BRDA:14,0,1,1
BRF:2
BRH:1
end_of_record
TN:
SF:src\components\bookmarks\bookmark.model.ts
FN:34,(anonymous_2)
FN:39,(anonymous_3)
FN:43,(anonymous_4)
FN:46,(anonymous_5)
FN:49,(anonymous_6)
FN:49,(anonymous_7)
FN:57,(anonymous_8)
FN:62,(anonymous_9)
FNF:8
FNH:8
FNDA:30,(anonymous_2)
FNDA:10,(anonymous_3)
FNDA:15,(anonymous_4)
FNDA:15,(anonymous_5)
FNDA:15,(anonymous_6)
FNDA:5,(anonymous_7)
FNDA:30,(anonymous_8)
FNDA:10,(anonymous_9)
DA:1,5
DA:13,5
DA:16,5
DA:19,5
DA:23,5
DA:27,5
DA:31,5
DA:34,30
DA:36,5
DA:39,10
DA:41,5
DA:43,15
DA:44,5
DA:46,15
DA:47,5
DA:49,15
DA:51,5
DA:55,5
DA:57,30
DA:59,5
DA:62,10
DA:64,5
LF:22
LH:22
BRF:0
BRH:0
end_of_record
TN:
SF:src\components\bookmarks\bookmark.repository.ts
FN:8,(anonymous_0)
FN:38,(anonymous_1)
FN:51,(anonymous_2)
FN:59,(anonymous_3)
FN:65,(anonymous_4)
FN:71,(anonymous_5)
FN:78,(anonymous_6)
FN:85,(anonymous_7)
FNF:8
FNH:7
FNDA:1,(anonymous_0)
FNDA:1,(anonymous_1)
FNDA:1,(anonymous_2)
FNDA:1,(anonymous_3)
FNDA:1,(anonymous_4)
FNDA:1,(anonymous_5)
FNDA:0,(anonymous_6)
FNDA:1,(anonymous_7)
DA:1,5
DA:3,5
DA:7,5
DA:9,1
DA:10,1
DA:11,1
DA:12,1
DA:17,1
DA:21,1
DA:39,1
DA:52,1
DA:53,1
DA:54,1
DA:55,0
DA:56,0
DA:60,1
DA:61,1
DA:62,1
DA:66,1
DA:67,1
DA:68,1
DA:72,1
DA:73,1
DA:74,1
DA:75,1
DA:79,0
DA:80,0
DA:81,0
DA:82,0
DA:86,1
DA:88,1
DA:89,1
LF:32
LH:26
BRDA:12,0,0,0
BRDA:12,0,1,1
BRDA:17,1,0,0
BRDA:17,1,1,1
BRDA:54,2,0,1
BRDA:54,2,1,0
BRDA:61,3,0,0
BRDA:61,3,1,1
BRDA:67,4,0,0
BRDA:67,4,1,1
BRDA:73,5,0,0
BRDA:73,5,1,1
BRDA:80,6,0,0
BRDA:80,6,1,0
BRDA:88,7,0,0
BRDA:88,7,1,1
BRF:16
BRH:7
end_of_record
TN:
SF:src\components\bookmarks\bookmark.routes.ts
FNF:0
FNH:0
DA:1,5
DA:3,5
DA:5,5
DA:14,5
DA:17,5
DA:19,5
DA:20,5
DA:21,5
DA:22,5
DA:23,5
DA:24,5
DA:25,5
DA:26,5
DA:31,5
LF:14
LH:14
BRF:0
BRH:0
end_of_record
TN:
SF:src\components\bookmarks\bookmark.schema.ts
FNF:0
FNH:0
DA:1,5
DA:3,5
DA:13,5
LF:3
LH:3
BRF:0
BRH:0
end_of_record
TN:
SF:src\components\bookmarks\bookmark.service.ts
FN:8,(anonymous_0)
FN:12,(anonymous_1)
FN:16,(anonymous_2)
FN:21,(anonymous_3)
FN:34,(anonymous_4)
FN:41,(anonymous_5)
FN:47,(anonymous_6)
FN:53,(anonymous_7)
FN:59,(anonymous_8)
FN:65,(anonymous_9)
FNF:10
FNH:8
FNDA:1,(anonymous_0)
FNDA:1,(anonymous_1)
FNDA:0,(anonymous_2)
FNDA:1,(anonymous_3)
FNDA:1,(anonymous_4)
FNDA:1,(anonymous_5)
FNDA:1,(anonymous_6)
FNDA:1,(anonymous_7)
FNDA:0,(anonymous_8)
FNDA:1,(anonymous_9)
DA:1,5
DA:3,5
DA:6,5
DA:9,1
DA:13,1
DA:14,1
DA:16,0
DA:20,1
DA:21,1
DA:22,1
DA:23,1
DA:31,1
DA:35,1
DA:36,1
DA:38,1
DA:42,1
DA:43,1
DA:44,1
DA:48,1
DA:49,1
DA:50,1
DA:54,1
DA:55,1
DA:56,1
DA:60,0
DA:61,0
DA:62,0
DA:67,1
DA:68,1
DA:69,1
LF:30
LH:26
BRDA:14,0,0,0
BRDA:14,0,1,1
BRDA:15,1,0,0
BRDA:15,1,1,0
BRDA:36,2,0,0
BRDA:36,2,1,1
BRDA:43,3,0,0
BRDA:43,3,1,1
BRDA:49,4,0,0
BRDA:49,4,1,1
BRDA:55,5,0,0
BRDA:55,5,1,1
BRDA:61,6,0,0
BRDA:61,6,1,0
BRDA:68,7,0,0
BRDA:68,7,1,1
BRF:16
BRH:6
end_of_record
TN:
SF:src\components\folders\folder.controller.ts
FN:9,(anonymous_0)
FN:23,(anonymous_1)
FN:34,(anonymous_2)
FN:44,(anonymous_3)
FN:55,(anonymous_4)
FNF:5
FNH:5
FNDA:2,(anonymous_0)
FNDA:1,(anonymous_1)
FNDA:2,(anonymous_2)
FNDA:1,(anonymous_3)
FNDA:1,(anonymous_4)
DA:3,5
DA:4,5
DA:5,5
DA:7,5
DA:9,5
DA:10,2
DA:11,2
DA:12,2
DA:13,2
DA:15,2
DA:16,2
DA:18,0
DA:23,5
DA:24,1
DA:25,1
DA:26,1
DA:27,1
DA:29,0
DA:34,5
DA:35,2
DA:36,2
DA:37,2
DA:38,1
DA:40,1
DA:44,5
DA:45,1
DA:46,1
DA:47,1
DA:48,1
DA:50,0
DA:55,5
DA:56,1
DA:57,1
DA:58,1
DA:59,1
DA:61,0
LF:36
LH:32
BRDA:15,0,0,0
BRDA:15,0,1,2
BRF:2
BRH:1
end_of_record
TN:
SF:src\components\folders\folder.model.ts
FN:21,(anonymous_2)
FN:25,(anonymous_3)
FN:28,(anonymous_4)
FNF:3
FNH:3
FNDA:10,(anonymous_2)
FNDA:13,(anonymous_3)
FNDA:13,(anonymous_4)
DA:1,5
DA:12,5
DA:15,5
DA:18,5
DA:21,10
DA:23,5
DA:25,13
DA:26,5
DA:28,13
DA:29,5
LF:10
LH:10
BRF:0
BRH:0
end_of_record
TN:
SF:src\components\folders\folder.repository.ts
FN:6,(anonymous_0)
FN:24,(anonymous_1)
FN:36,(anonymous_2)
FN:40,(anonymous_3)
FN:46,(anonymous_4)
FNF:5
FNH:5
FNDA:1,(anonymous_0)
FNDA:2,(anonymous_1)
FNDA:2,(anonymous_2)
FNDA:1,(anonymous_3)
FNDA:1,(anonymous_4)
DA:1,5
DA:3,5
DA:5,5
DA:7,1
DA:8,1
DA:9,1
DA:10,1
DA:25,2
DA:37,2
DA:41,1
DA:42,1
DA:43,1
DA:47,1
LF:13
LH:13
BRDA:8,0,0,0
BRDA:8,0,1,1
BRDA:9,1,0,0
BRDA:9,1,1,1
BRDA:42,2,0,0
BRDA:42,2,1,1
BRF:6
BRH:3
end_of_record
TN:
SF:src\components\folders\folder.routes.ts
FNF:0
FNH:0
DA:1,5
DA:3,5
DA:5,5
DA:11,5
DA:13,5
DA:15,5
DA:16,5
DA:17,5
DA:18,5
DA:19,5
DA:24,5
LF:11
LH:11
BRF:0
BRH:0
end_of_record
TN:
SF:src\components\folders\folder.schema.ts
FNF:0
FNH:0
DA:1,5
DA:3,5
LF:2
LH:2
BRF:0
BRH:0
end_of_record
TN:
SF:src\components\folders\folder.service.ts
FN:7,(anonymous_0)
FN:11,(anonymous_1)
FN:15,(anonymous_2)
FN:23,(anonymous_3)
FN:31,(anonymous_4)
FN:37,(anonymous_5)
FNF:6
FNH:6
FNDA:2,(anonymous_0)
FNDA:1,(anonymous_1)
FNDA:1,(anonymous_2)
FNDA:2,(anonymous_3)
FNDA:1,(anonymous_4)
FNDA:1,(anonymous_5)
DA:1,5
DA:3,5
DA:5,5
DA:8,2
DA:13,1
DA:15,1
DA:16,1
DA:17,1
DA:20,1
DA:24,2
DA:25,2
DA:26,1
DA:28,1
DA:32,1
DA:33,1
DA:34,1
DA:38,1
DA:39,1
DA:40,1
LF:19
LH:19
BRDA:25,0,0,1
BRDA:25,0,1,1
BRDA:33,1,0,0
BRDA:33,1,1,1
BRDA:39,2,0,0
BRDA:39,2,1,1
BRF:6
BRH:4
end_of_record
TN:
SF:src\components\models\index.ts
FN:9,(anonymous_0)
FN:9,(anonymous_1)
FN:9,(anonymous_2)
FN:9,(anonymous_3)
FN:9,(anonymous_4)
FNF:5
FNH:5
FNDA:94,(anonymous_0)
FNDA:68,(anonymous_1)
FNDA:43,(anonymous_2)
FNDA:5,(anonymous_3)
FNDA:44,(anonymous_4)
DA:1,5
DA:2,5
DA:3,5
DA:4,5
DA:7,5
DA:9,99
LF:6
LH:6
BRF:0
BRH:0
end_of_record
TN:
SF:src\components\tags\tag.controller.ts
FN:9,(anonymous_0)
FN:23,(anonymous_1)
FN:34,(anonymous_2)
FN:44,(anonymous_3)
FN:55,(anonymous_4)
FNF:5
FNH:5
FNDA:2,(anonymous_0)
FNDA:1,(anonymous_1)
FNDA:2,(anonymous_2)
FNDA:1,(anonymous_3)
FNDA:1,(anonymous_4)
DA:3,5
DA:4,5
DA:5,5
DA:7,5
DA:9,5
DA:10,2
DA:11,2
DA:12,2
DA:13,2
DA:15,2
DA:16,2
DA:18,0
DA:23,5
DA:24,1
DA:25,1
DA:26,1
DA:27,1
DA:29,0
DA:34,5
DA:35,2
DA:36,2
DA:37,2
DA:38,1
DA:40,1
DA:44,5
DA:45,1
DA:46,1
DA:47,1
DA:48,1
DA:50,0
DA:55,5
DA:56,1
DA:57,1
DA:58,1
DA:59,1
DA:61,0
LF:36
LH:32
BRDA:15,0,0,0
BRDA:15,0,1,2
BRF:2
BRH:1
end_of_record
TN:
SF:src\components\tags\tag.model.ts
FN:21,(anonymous_2)
FN:25,(anonymous_3)
FN:28,(anonymous_4)
FN:28,(anonymous_5)
FNF:4
FNH:4
FNDA:10,(anonymous_2)
FNDA:13,(anonymous_3)
FNDA:13,(anonymous_4)
FNDA:5,(anonymous_5)
DA:1,5
DA:12,5
DA:15,5
DA:18,5
DA:21,10
DA:23,5
DA:25,13
DA:26,5
DA:28,13
DA:29,5
LF:10
LH:10
BRF:0
BRH:0
end_of_record
TN:
SF:src\components\tags\tag.repository.ts
FN:6,(anonymous_0)
FN:23,(anonymous_1)
FN:35,(anonymous_2)
FN:39,(anonymous_3)
FN:45,(anonymous_4)
FNF:5
FNH:5
FNDA:1,(anonymous_0)
FNDA:2,(anonymous_1)
FNDA:2,(anonymous_2)
FNDA:1,(anonymous_3)
FNDA:1,(anonymous_4)
DA:1,5
DA:3,5
DA:5,5
DA:7,1
DA:8,1
DA:9,1
DA:24,2
DA:36,2
DA:40,1
DA:41,1
DA:42,1
DA:46,1
DA:47,1
DA:48,1
LF:14
LH:14
BRDA:8,0,0,0
BRDA:8,0,1,1
BRDA:41,1,0,0
BRDA:41,1,1,1
BRDA:47,2,0,0
BRDA:47,2,1,1
BRF:6
BRH:3
end_of_record
TN:
SF:src\components\tags\tag.routes.ts
FNF:0
FNH:0
DA:1,5
DA:3,5
DA:5,5
DA:12,5
DA:14,5
DA:16,5
DA:17,5
DA:18,5
DA:19,5
DA:20,5
DA:25,5
LF:11
LH:11
BRF:0
BRH:0
end_of_record
TN:
SF:src\components\tags\tag.schema.ts
FNF:0
FNH:0
DA:1,5
DA:3,5
LF:2
LH:2
BRF:0
BRH:0
end_of_record
TN:
SF:src\components\tags\tag.service.ts
FN:7,(anonymous_0)
FN:11,(anonymous_1)
FN:15,(anonymous_2)
FN:23,(anonymous_3)
FN:31,(anonymous_4)
FN:37,(anonymous_5)
FNF:6
FNH:6
FNDA:2,(anonymous_0)
FNDA:1,(anonymous_1)
FNDA:1,(anonymous_2)
FNDA:2,(anonymous_3)
FNDA:1,(anonymous_4)
FNDA:1,(anonymous_5)
DA:1,5
DA:3,5
DA:5,5
DA:8,2
DA:13,1
DA:15,1
DA:16,1
DA:17,1
DA:20,1
DA:24,2
DA:25,2
DA:26,1
DA:28,1
DA:32,1
DA:33,1
DA:34,1
DA:38,1
DA:39,1
DA:40,1
LF:19
LH:19
BRDA:25,0,0,1
BRDA:25,0,1,1
BRDA:33,1,0,0
BRDA:33,1,1,1
BRDA:39,2,0,0
BRDA:39,2,1,1
BRF:6
BRH:4
end_of_record
TN:
SF:src\components\users\user.controller.ts
FN:9,(anonymous_0)
FN:19,(anonymous_1)
FN:29,(anonymous_2)
FN:40,(anonymous_3)
FN:50,(anonymous_4)
FN:61,(anonymous_5)
FNF:6
FNH:5
FNDA:1,(anonymous_0)
FNDA:2,(anonymous_1)
FNDA:1,(anonymous_2)
FNDA:2,(anonymous_3)
FNDA:1,(anonymous_4)
FNDA:0,(anonymous_5)
DA:3,5
DA:4,5
DA:5,5
DA:7,5
DA:9,5
DA:10,1
DA:11,1
DA:12,1
DA:13,1
DA:15,0
DA:19,5
DA:20,2
DA:21,2
DA:22,2
DA:23,2
DA:25,1
DA:29,5
DA:30,1
DA:31,1
DA:32,1
DA:34,1
DA:36,0
DA:40,5
DA:41,2
DA:42,2
DA:43,2
DA:44,1
DA:46,1
DA:50,5
DA:51,1
DA:52,1
DA:53,1
DA:54,1
DA:55,1
DA:57,0
DA:61,5
DA:62,0
DA:63,0
DA:64,0
DA:66,0
DA:68,0
DA:69,0
DA:71,0
LF:43
LH:33
BRDA:66,0,0,0
BRDA:66,0,1,0
BRF:2
BRH:0
end_of_record
TN:
SF:src\components\users\user.model.ts
FN:56,(anonymous_2)
FN:59,(anonymous_3)
FN:62,(anonymous_4)
FNF:3
FNH:3
FNDA:10,(anonymous_2)
FNDA:10,(anonymous_3)
FNDA:10,(anonymous_4)
DA:2,5
DA:14,5
DA:29,5
DA:33,5
DA:38,5
DA:42,5
DA:46,5
DA:50,5
DA:54,5
DA:56,10
DA:57,5
DA:59,10
DA:60,5
DA:62,10
DA:63,5
LF:15
LH:15
BRF:0
BRH:0
end_of_record
TN:
SF:src\components\users\user.repository.ts
FN:6,(anonymous_0)
FN:10,(anonymous_1)
FN:14,(anonymous_2)
FN:18,(anonymous_3)
FN:22,(anonymous_4)
FN:41,(anonymous_5)
FNF:6
FNH:6
FNDA:5,(anonymous_0)
FNDA:7,(anonymous_1)
FNDA:12,(anonymous_2)
FNDA:7,(anonymous_3)
FNDA:2,(anonymous_4)
FNDA:1,(anonymous_5)
DA:1,5
DA:3,5
DA:5,5
DA:7,5
DA:11,7
DA:15,12
DA:19,7
DA:27,2
DA:28,2
DA:29,2
DA:31,2
DA:38,2
DA:42,1
DA:43,1
DA:44,1
LF:15
LH:15
BRDA:28,0,0,0
BRDA:28,0,1,2
BRDA:29,1,0,0
BRDA:29,1,1,2
BRDA:43,2,0,0
BRDA:43,2,1,1
BRF:6
BRH:3
end_of_record
TN:
SF:src\components\users\user.routes.ts
FNF:0
FNH:0
DA:1,5
DA:3,5
DA:4,5
DA:5,5
DA:6,5
DA:8,5
DA:16,5
DA:18,5
DA:20,5
DA:22,5
DA:23,5
DA:24,5
DA:25,5
DA:26,5
DA:27,5
DA:29,5
LF:16
LH:16
BRF:0
BRH:0
end_of_record
TN:
SF:src\components\users\user.schema.ts
FNF:0
FNH:0
DA:1,5
DA:3,5
DA:7,5
LF:3
LH:3
BRF:0
BRH:0
end_of_record
TN:
SF:src\components\users\user.service.ts
FN:12,(anonymous_1)
FN:21,(anonymous_2)
FN:27,(anonymous_3)
FN:32,(anonymous_4)
FN:41,(anonymous_5)
FN:51,(anonymous_6)
FN:61,(anonymous_7)
FN:64,(anonymous_8)
FN:79,(anonymous_9)
FNF:9
FNH:5
FNDA:1,(anonymous_1)
FNDA:0,(anonymous_2)
FNDA:2,(anonymous_3)
FNDA:1,(anonymous_4)
FNDA:1,(anonymous_5)
FNDA:0,(anonymous_6)
FNDA:0,(anonymous_7)
FNDA:0,(anonymous_8)
FNDA:2,(anonymous_9)
DA:1,5
DA:2,5
DA:4,5
DA:6,5
DA:7,5
DA:9,5
DA:11,5
DA:13,1
DA:14,1
DA:17,1
DA:18,1
DA:22,0
DA:23,0
DA:24,0
DA:28,2
DA:29,2
DA:33,1
DA:34,1
DA:37,1
DA:38,1
DA:42,1
DA:44,1
DA:45,1
DA:47,1
DA:48,1
DA:52,0
DA:53,0
DA:55,0
DA:58,0
DA:59,0
DA:60,0
DA:61,0
DA:62,0
DA:63,0
DA:64,0
DA:65,0
DA:71,0
DA:72,0
DA:75,0
DA:76,0
DA:80,2
DA:81,1
DA:82,1
LF:43
LH:25
BRDA:14,0,0,0
BRDA:14,0,1,1
BRDA:23,1,0,0
BRDA:23,1,1,0
BRDA:34,2,0,0
BRDA:34,2,1,1
BRDA:45,3,0,0
BRDA:45,3,1,1
BRDA:53,4,0,0
BRDA:53,4,1,0
BRDA:58,5,0,0
BRDA:58,5,1,0
BRDA:63,6,0,0
BRDA:63,6,1,0
BRDA:65,7,0,0
BRDA:65,7,1,0
BRDA:72,8,0,0
BRDA:72,8,1,0
BRDA:81,9,0,0
BRDA:81,9,1,1
BRF:20
BRH:4
end_of_record
